#
# There is insufficient memory for the Java Runtime Environment to continue.
# Native memory allocation (malloc) failed to allocate 1482896 bytes for Chunk::new
# Possible reasons:
#   The system is out of physical RAM or swap space
#   In 32 bit mode, the process size limit was hit
# Possible solutions:
#   Reduce memory load on the system
#   Increase physical memory or swap space
#   Check if swap backing store is full
#   Use 64 bit Java on a 64 bit OS
#   Decrease Java heap size (-Xmx/-Xms)
#   Decrease number of Java threads
#   Decrease Java thread stack sizes (-Xss)
#   Set larger code cache with -XX:ReservedCodeCacheSize=
# This output file may be truncated or incomplete.
#
#  Out of Memory Error (allocation.cpp:390), pid=4024, tid=16680
#
# JRE version: Java(TM) SE Runtime Environment (8.0_45-b15) (build 1.8.0_45-b15)
# Java VM: Java HotSpot(TM) 64-Bit Server VM (25.45-b02 mixed mode windows-amd64 compressed oops)
# Failed to write core dump. Minidumps are not enabled by default on client versions of Windows
#

---------------  T H R E A D  ---------------

Current thread (0x000000001e0a8800):  JavaThread "C2 CompilerThread2" daemon [_thread_in_native, id=16680, stack(0x000000001e870000,0x000000001e970000)]

Stack: [0x000000001e870000,0x000000001e970000]
[error occurred during error reporting (printing stack bounds), id 0xc0000005]

Native frames: (J=compiled Java code, j=interpreted, Vv=VM code, C=native code)
V  [jvm.dll+0x32b57a]
V  [jvm.dll+0x279873]
V  [jvm.dll+0x27a509]
V  [jvm.dll+0x2934e6]
V  [jvm.dll+0x297e0c]
V  [jvm.dll+0x5ca86f]
C  [msvcr100.dll+0x712e3]
V  [jvm.dll+0x5c9f6d]
C  [ntdll.dll+0xa477f]
C  [ntdll.dll+0x4bef]
C  [ntdll.dll+0xa34ee]
V  [jvm.dll+0x21bcd1]


Current CompileTask:
C2:  33196 17118       4       com.android.tools.r8.ir.conversion.IRBuilder::add (55 bytes)


---------------  P R O C E S S  ---------------

Java Threads: ( => current thread )
  0x00000000227a6000 JavaThread "ForkJoinPool-1-worker-2" daemon [_thread_in_Java, id=17196, stack(0x0000000030a00000,0x0000000030b00000)]
  0x000000002279b000 JavaThread "ForkJoinPool-1-worker-1" daemon [_thread_in_Java, id=1524, stack(0x0000000030900000,0x0000000030a00000)]
  0x00000000227a4000 JavaThread "ForkJoinPool-1-worker-0" daemon [_thread_in_Java, id=14012, stack(0x000000002f1b0000,0x000000002f2b0000)]
  0x00000000227a3000 JavaThread "ForkJoinPool-1-worker-3" daemon [_thread_in_Java, id=19524, stack(0x000000002e0b0000,0x000000002e1b0000)]
  0x000000002279c800 JavaThread "Cache worker for execution history cache (D:\Documents\Kiskogram\Telegram\.gradle\5.1.1\executionHistory)" [_thread_blocked, id=4308, stack(0x000000002b370000,0x000000002b470000)]
  0x00000000227a0000 JavaThread "Execution worker for ':' Thread 7" [_thread_blocked, id=8052, stack(0x000000002aec0000,0x000000002afc0000)]
  0x00000000227a1000 JavaThread "Execution worker for ':' Thread 6" [_thread_blocked, id=20764, stack(0x000000002adc0000,0x000000002aec0000)]
  0x000000002279e800 JavaThread "Execution worker for ':' Thread 5" [_thread_blocked, id=18412, stack(0x000000002acc0000,0x000000002adc0000)]
  0x000000002279a000 JavaThread "Execution worker for ':' Thread 4" [_thread_blocked, id=8924, stack(0x000000002abc0000,0x000000002acc0000)]
  0x0000000022d87800 JavaThread "Execution worker for ':' Thread 3" [_thread_blocked, id=5984, stack(0x000000002aac0000,0x000000002abc0000)]
  0x0000000022d86800 JavaThread "Execution worker for ':' Thread 2" [_thread_blocked, id=15588, stack(0x000000002a9c0000,0x000000002aac0000)]
  0x0000000022d86000 JavaThread "Execution worker for ':'" [_thread_blocked, id=6708, stack(0x000000002a8c0000,0x000000002a9c0000)]
  0x0000000022d85000 JavaThread "Cache worker for file content cache (D:\Documents\Kiskogram\Telegram\.gradle\5.1.1\fileContent)" [_thread_blocked, id=21528, stack(0x000000002a7c0000,0x000000002a8c0000)]
  0x0000000022d84800 JavaThread "Cache worker for file content cache (C:\Users\Kisko\.gradle\caches\5.1.1\fileContent)" [_thread_blocked, id=17916, stack(0x0000000029b40000,0x0000000029c40000)]
  0x0000000022d7c800 JavaThread "Memory manager" [_thread_blocked, id=13912, stack(0x0000000028db0000,0x0000000028eb0000)]
  0x0000000022d81800 JavaThread "Cache worker for Build Output Cleanup Cache (D:\Documents\Kiskogram\Telegram\.gradle\buildOutputCleanup)" [_thread_blocked, id=23036, stack(0x00000000289c0000,0x0000000028ac0000)]
  0x0000000022d80800 JavaThread "pool-1-thread-1" [_thread_blocked, id=4368, stack(0x00000000288c0000,0x00000000289c0000)]
  0x0000000022d7d800 JavaThread "Build operations Thread 8" [_thread_blocked, id=14144, stack(0x00000000285c0000,0x00000000286c0000)]
  0x0000000022d7f000 JavaThread "Build operations Thread 7" [_thread_blocked, id=18252, stack(0x00000000284c0000,0x00000000285c0000)]
  0x0000000022d79000 JavaThread "Build operations Thread 6" [_thread_blocked, id=22484, stack(0x00000000283c0000,0x00000000284c0000)]
  0x0000000022d7a800 JavaThread "Build operations Thread 5" [_thread_blocked, id=16664, stack(0x00000000282c0000,0x00000000283c0000)]
  0x0000000022d7e000 JavaThread "Build operations Thread 4" [_thread_blocked, id=12680, stack(0x0000000025f80000,0x0000000026080000)]
  0x0000000022d7c000 JavaThread "Build operations Thread 3" [_thread_blocked, id=7504, stack(0x0000000025e80000,0x0000000025f80000)]
  0x0000000022d7b000 JavaThread "Build operations Thread 2" [_thread_blocked, id=16596, stack(0x0000000025d80000,0x0000000025e80000)]
  0x0000000022d79800 JavaThread "Build operations" [_thread_blocked, id=1152, stack(0x0000000025c80000,0x0000000025d80000)]
  0x0000000022d78000 JavaThread "Cache worker for execution history cache (C:\Users\Kisko\.gradle\caches\5.1.1\executionHistory)" [_thread_blocked, id=3384, stack(0x0000000024700000,0x0000000024800000)]
  0x0000000020110000 JavaThread "Cache worker for cache directory md-rule (C:\Users\Kisko\.gradle\caches\5.1.1\md-rule)" [_thread_blocked, id=8356, stack(0x0000000024600000,0x0000000024700000)]
  0x0000000020115800 JavaThread "Cache worker for cache directory md-supplier (C:\Users\Kisko\.gradle\caches\5.1.1\md-supplier)" [_thread_blocked, id=18612, stack(0x0000000024080000,0x0000000024180000)]
  0x0000000020111000 JavaThread "Cache worker for file hash cache (D:\Documents\Kiskogram\Telegram\.gradle\5.1.1\fileHashes)" [_thread_blocked, id=17056, stack(0x0000000023c60000,0x0000000023d60000)]
  0x000000002010f800 JavaThread "Cache worker for journal cache (C:\Users\Kisko\.gradle\caches\journal-1)" [_thread_blocked, id=9312, stack(0x00000000219c0000,0x0000000021ac0000)]
  0x0000000020114800 JavaThread "File lock request listener" [_thread_in_native, id=9536, stack(0x00000000218c0000,0x00000000219c0000)]
  0x0000000020116000 JavaThread "Cache worker for file hash cache (C:\Users\Kisko\.gradle\caches\5.1.1\fileHashes)" [_thread_blocked, id=22952, stack(0x00000000217c0000,0x00000000218c0000)]
  0x000000001ff53800 JavaThread "Thread-9" [_thread_blocked, id=8160, stack(0x00000000216c0000,0x00000000217c0000)]
  0x000000001ff4f000 JavaThread "Stdin handler" [_thread_blocked, id=19764, stack(0x00000000215c0000,0x00000000216c0000)]
  0x000000001ff5d000 JavaThread "Asynchronous log dispatcher for DefaultDaemonConnection: socket connection from /127.0.0.1:44374 to /127.0.0.1:44375" [_thread_blocked, id=5752, stack(0x00000000211c0000,0x00000000212c0000)]
  0x000000001ff5b800 JavaThread "Daemon worker" [_thread_blocked, id=9020, stack(0x00000000210c0000,0x00000000211c0000)]
  0x000000001ff5a800 JavaThread "Cancel handler" [_thread_blocked, id=17404, stack(0x0000000020fc0000,0x00000000210c0000)]
  0x000000001fef9800 JavaThread "Handler for socket connection from /127.0.0.1:44374 to /127.0.0.1:44375" [_thread_in_native, id=16280, stack(0x0000000020ec0000,0x0000000020fc0000)]
  0x000000001fef5000 JavaThread "Daemon" [_thread_blocked, id=18260, stack(0x0000000020dc0000,0x0000000020ec0000)]
  0x000000001fedb000 JavaThread "Daemon periodic checks" [_thread_blocked, id=3180, stack(0x0000000020cc0000,0x0000000020dc0000)]
  0x000000001fe12800 JavaThread "Incoming local TCP Connector on port 44374" [_thread_in_native, id=18712, stack(0x0000000020a80000,0x0000000020b80000)]
  0x000000001fde0800 JavaThread "Daemon health stats" [_thread_blocked, id=14256, stack(0x0000000020440000,0x0000000020540000)]
  0x000000001e13e000 JavaThread "Service Thread" daemon [_thread_blocked, id=8088, stack(0x000000001ea70000,0x000000001eb70000)]
  0x000000001e0ab800 JavaThread "C1 CompilerThread3" daemon [_thread_blocked, id=20900, stack(0x000000001e970000,0x000000001ea70000)]
=>0x000000001e0a8800 JavaThread "C2 CompilerThread2" daemon [_thread_in_native, id=16680, stack(0x000000001e870000,0x000000001e970000)]
  0x000000001e0a5000 JavaThread "C2 CompilerThread1" daemon [_thread_in_native, id=19772, stack(0x000000001e770000,0x000000001e870000)]
  0x000000001e0a0000 JavaThread "C2 CompilerThread0" daemon [_thread_in_native, id=3880, stack(0x000000001e670000,0x000000001e770000)]
  0x000000001e09a000 JavaThread "Attach Listener" daemon [_thread_blocked, id=12172, stack(0x000000001e570000,0x000000001e670000)]
  0x000000001e099000 JavaThread "Signal Dispatcher" daemon [_thread_blocked, id=2236, stack(0x000000001e470000,0x000000001e570000)]
  0x000000000252d000 JavaThread "Finalizer" daemon [_thread_blocked, id=22904, stack(0x000000001df70000,0x000000001e070000)]
  0x0000000002526000 JavaThread "Reference Handler" daemon [_thread_blocked, id=11912, stack(0x000000001de70000,0x000000001df70000)]
  0x0000000002433800 JavaThread "main" [_thread_blocked, id=19536, stack(0x00000000022b0000,0x00000000023b0000)]

Other Threads:
  0x000000001c09a000 VMThread [stack: 0x000000001dd70000,0x000000001de70000] [id=9176]
  0x000000001e140000 WatcherThread [stack: 0x000000001eb70000,0x000000001ec70000] [id=13832]

VM state:not at safepoint (normal execution)

VM Mutex/Monitor currently owned by a thread: None

Heap:
 PSYoungGen      total 941056K, used 162692K [0x000000076ab00000, 0x00000007b6a80000, 0x00000007c0000000)
  eden space 745472K, 20% used [0x000000076ab00000,0x0000000773dfbb80,0x0000000798300000)
  from space 195584K, 6% used [0x0000000798300000,0x0000000798ee5538,0x00000007a4200000)
  to   space 189440K, 0% used [0x00000007ab180000,0x00000007ab180000,0x00000007b6a80000)
 ParOldGen       total 992256K, used 580098K [0x00000006c0000000, 0x00000006fc900000, 0x000000076ab00000)
  object space 992256K, 58% used [0x00000006c0000000,0x00000006e3680988,0x00000006fc900000)
 Metaspace       used 98162K, capacity 101400K, committed 101680K, reserved 1138688K
  class space    used 12591K, capacity 13269K, committed 13360K, reserved 1048576K

Card table byte_map: [0x00000000118f0000,0x0000000012100000] byte_map_base: 0x000000000e2f0000

Marking Bits: (ParMarkBitMap*) 0x0000000066604040
 Begin Bits: [0x0000000012e60000, 0x0000000016e60000)
 End Bits:   [0x0000000016e60000, 0x000000001ae60000)

Polling page: 0x00000000023b0000

CodeCache: size=245760Kb used=47080Kb max_used=47268Kb free=198679Kb
 bounds [0x0000000002530000, 0x00000000053a0000, 0x0000000011530000]
 total_blobs=14404 nmethods=13519 adapters=793
 compilation: enabled

Compilation events (10 events):
Event: 33.130 Thread 0x000000001e0ab800 17276 %     3       java.util.TreeMap::fixAfterDeletion @ 0 (351 bytes)
Event: 33.133 Thread 0x000000001e0ab800 nmethod 17276% 0x000000000538bd90 code [0x000000000538c320, 0x000000000538f778]
Event: 33.134 Thread 0x000000001e0ab800 17277       3       java.util.TreeMap::fixAfterDeletion (351 bytes)
Event: 33.137 Thread 0x000000001e0ab800 nmethod 17277 0x0000000005391210 code [0x00000000053917a0, 0x0000000005394b98]
Event: 33.138 Thread 0x000000001e0ab800 17278       2       com.android.tools.r8.graph.DexEncodedMethod$OptimizationInfoImpl::getReturnedArgument (26 bytes)
Event: 33.138 Thread 0x000000001e0ab800 nmethod 17278 0x0000000003b56790 code [0x0000000003b568e0, 0x0000000003b56a30]
Event: 33.151 Thread 0x000000001e0ab800 17280 %     3       com.android.tools.r8.ir.optimize.ConstantCanonicalizer::lambda$canonicalize$3 @ 107 (143 bytes)
Event: 33.152 Thread 0x000000001e0ab800 nmethod 17280% 0x0000000005396610 code [0x0000000005396980, 0x0000000005398928]
Event: 33.153 Thread 0x000000001e0ab800 17281       2       com.android.tools.r8.code.Format10x::equals (21 bytes)
Event: 33.153 Thread 0x000000001e0ab800 nmethod 17281 0x0000000004627990 code [0x0000000004627ae0, 0x0000000004627c70]

GC Heap History (10 events):
Event: 25.143 GC heap before
{Heap before GC invocations=23 (full 4):
 PSYoungGen      total 721920K, used 650110K [0x000000076ab00000, 0x00000007a4100000, 0x00000007c0000000)
  eden space 524288K, 100% used [0x000000076ab00000,0x000000078ab00000,0x000000078ab00000)
  from space 197632K, 63% used [0x0000000798000000,0x000000079fadfb98,0x00000007a4100000)
  to   space 207872K, 0% used [0x000000078ab00000,0x000000078ab00000,0x0000000797600000)
 ParOldGen       total 992256K, used 424305K [0x00000006c0000000, 0x00000006fc900000, 0x000000076ab00000)
  object space 992256K, 42% used [0x00000006c0000000,0x00000006d9e5c7f8,0x00000006fc900000)
 Metaspace       used 94628K, capacity 97336K, committed 97584K, reserved 1134592K
  class space    used 12225K, capacity 12805K, committed 12848K, reserved 1048576K
Event: 25.208 GC heap after
Heap after GC invocations=23 (full 4):
 PSYoungGen      total 732160K, used 24176K [0x000000076ab00000, 0x00000007ab200000, 0x00000007c0000000)
  eden space 524288K, 0% used [0x000000076ab00000,0x000000076ab00000,0x000000078ab00000)
  from space 207872K, 11% used [0x000000078ab00000,0x000000078c29c020,0x0000000797600000)
  to   space 204800K, 0% used [0x000000079ea00000,0x000000079ea00000,0x00000007ab200000)
 ParOldGen       total 992256K, used 547914K [0x00000006c0000000, 0x00000006fc900000, 0x000000076ab00000)
  object space 992256K, 55% used [0x00000006c0000000,0x00000006e1712b58,0x00000006fc900000)
 Metaspace       used 94628K, capacity 97336K, committed 97584K, reserved 1134592K
  class space    used 12225K, capacity 12805K, committed 12848K, reserved 1048576K
}
Event: 26.684 GC heap before
{Heap before GC invocations=24 (full 4):
 PSYoungGen      total 732160K, used 548464K [0x000000076ab00000, 0x00000007ab200000, 0x00000007c0000000)
  eden space 524288K, 100% used [0x000000076ab00000,0x000000078ab00000,0x000000078ab00000)
  from space 207872K, 11% used [0x000000078ab00000,0x000000078c29c020,0x0000000797600000)
  to   space 204800K, 0% used [0x000000079ea00000,0x000000079ea00000,0x00000007ab200000)
 ParOldGen       total 992256K, used 547914K [0x00000006c0000000, 0x00000006fc900000, 0x000000076ab00000)
  object space 992256K, 55% used [0x00000006c0000000,0x00000006e1712b58,0x00000006fc900000)
 Metaspace       used 97764K, capacity 100906K, committed 101040K, reserved 1136640K
  class space    used 12555K, capacity 13194K, committed 13232K, reserved 1048576K
Event: 26.708 GC heap after
Heap after GC invocations=24 (full 4):
 PSYoungGen      total 825344K, used 10367K [0x000000076ab00000, 0x00000007aa380000, 0x00000007c0000000)
  eden space 635392K, 0% used [0x000000076ab00000,0x000000076ab00000,0x0000000791780000)
  from space 189952K, 5% used [0x000000079ea00000,0x000000079f41fdb0,0x00000007aa380000)
  to   space 202752K, 0% used [0x0000000791780000,0x0000000791780000,0x000000079dd80000)
 ParOldGen       total 992256K, used 564302K [0x00000006c0000000, 0x00000006fc900000, 0x000000076ab00000)
  object space 992256K, 56% used [0x00000006c0000000,0x00000006e2713bd8,0x00000006fc900000)
 Metaspace       used 97764K, capacity 100906K, committed 101040K, reserved 1136640K
  class space    used 12555K, capacity 13194K, committed 13232K, reserved 1048576K
}
Event: 27.823 GC heap before
{Heap before GC invocations=25 (full 4):
 PSYoungGen      total 825344K, used 645759K [0x000000076ab00000, 0x00000007aa380000, 0x00000007c0000000)
  eden space 635392K, 100% used [0x000000076ab00000,0x0000000791780000,0x0000000791780000)
  from space 189952K, 5% used [0x000000079ea00000,0x000000079f41fdb0,0x00000007aa380000)
  to   space 202752K, 0% used [0x0000000791780000,0x0000000791780000,0x000000079dd80000)
 ParOldGen       total 992256K, used 564302K [0x00000006c0000000, 0x00000006fc900000, 0x000000076ab00000)
  object space 992256K, 56% used [0x00000006c0000000,0x00000006e2713bd8,0x00000006fc900000)
 Metaspace       used 98038K, capacity 101224K, committed 101424K, reserved 1136640K
  class space    used 12577K, capacity 13247K, committed 13360K, reserved 1048576K
Event: 27.849 GC heap after
Heap after GC invocations=25 (full 4):
 PSYoungGen      total 838144K, used 11691K [0x000000076ab00000, 0x00000007b1700000, 0x00000007c0000000)
  eden space 635392K, 0% used [0x000000076ab00000,0x000000076ab00000,0x0000000791780000)
  from space 202752K, 5% used [0x0000000791780000,0x00000007922eae80,0x000000079dd80000)
  to   space 199168K, 0% used [0x00000007a5480000,0x00000007a5480000,0x00000007b1700000)
 ParOldGen       total 992256K, used 573129K [0x00000006c0000000, 0x00000006fc900000, 0x000000076ab00000)
  object space 992256K, 57% used [0x00000006c0000000,0x00000006e2fb2638,0x00000006fc900000)
 Metaspace       used 98038K, capacity 101224K, committed 101424K, reserved 1136640K
  class space    used 12577K, capacity 13247K, committed 13360K, reserved 1048576K
}
Event: 31.903 GC heap before
{Heap before GC invocations=26 (full 4):
 PSYoungGen      total 838144K, used 647083K [0x000000076ab00000, 0x00000007b1700000, 0x00000007c0000000)
  eden space 635392K, 100% used [0x000000076ab00000,0x0000000791780000,0x0000000791780000)
  from space 202752K, 5% used [0x0000000791780000,0x00000007922eae80,0x000000079dd80000)
  to   space 199168K, 0% used [0x00000007a5480000,0x00000007a5480000,0x00000007b1700000)
 ParOldGen       total 992256K, used 573129K [0x00000006c0000000, 0x00000006fc900000, 0x000000076ab00000)
  object space 992256K, 57% used [0x00000006c0000000,0x00000006e2fb2638,0x00000006fc900000)
 Metaspace       used 98088K, capacity 101262K, committed 101424K, reserved 1136640K
  class space    used 12581K, capacity 13254K, committed 13360K, reserved 1048576K
Event: 31.925 GC heap after
Heap after GC invocations=26 (full 4):
 PSYoungGen      total 922112K, used 6869K [0x000000076ab00000, 0x00000007b0100000, 0x00000007c0000000)
  eden space 745472K, 0% used [0x000000076ab00000,0x000000076ab00000,0x0000000798300000)
  from space 176640K, 3% used [0x00000007a5480000,0x00000007a5b35518,0x00000007b0100000)
  to   space 195584K, 0% used [0x0000000798300000,0x0000000798300000,0x00000007a4200000)
 ParOldGen       total 992256K, used 580090K [0x00000006c0000000, 0x00000006fc900000, 0x000000076ab00000)
  object space 992256K, 58% used [0x00000006c0000000,0x00000006e367e988,0x00000006fc900000)
 Metaspace       used 98088K, capacity 101262K, committed 101424K, reserved 1136640K
  class space    used 12581K, capacity 13254K, committed 13360K, reserved 1048576K
}
Event: 32.995 GC heap before
{Heap before GC invocations=27 (full 4):
 PSYoungGen      total 922112K, used 752341K [0x000000076ab00000, 0x00000007b0100000, 0x00000007c0000000)
  eden space 745472K, 100% used [0x000000076ab00000,0x0000000798300000,0x0000000798300000)
  from space 176640K, 3% used [0x00000007a5480000,0x00000007a5b35518,0x00000007b0100000)
  to   space 195584K, 0% used [0x0000000798300000,0x0000000798300000,0x00000007a4200000)
 ParOldGen       total 992256K, used 580090K [0x00000006c0000000, 0x00000006fc900000, 0x000000076ab00000)
  object space 992256K, 58% used [0x00000006c0000000,0x00000006e367e988,0x00000006fc900000)
 Metaspace       used 98157K, capacity 101394K, committed 101680K, reserved 1138688K
  class space    used 12590K, capacity 13268K, committed 13360K, reserved 1048576K
Event: 33.016 GC heap after
Heap after GC invocations=27 (full 4):
 PSYoungGen      total 941056K, used 12181K [0x000000076ab00000, 0x00000007b6a80000, 0x00000007c0000000)
  eden space 745472K, 0% used [0x000000076ab00000,0x000000076ab00000,0x0000000798300000)
  from space 195584K, 6% used [0x0000000798300000,0x0000000798ee5538,0x00000007a4200000)
  to   space 189440K, 0% used [0x00000007ab180000,0x00000007ab180000,0x00000007b6a80000)
 ParOldGen       total 992256K, used 580098K [0x00000006c0000000, 0x00000006fc900000, 0x000000076ab00000)
  object space 992256K, 58% used [0x00000006c0000000,0x00000006e3680988,0x00000006fc900000)
 Metaspace       used 98157K, capacity 101394K, committed 101680K, reserved 1138688K
  class space    used 12590K, capacity 13268K, committed 13360K, reserved 1048576K
}

Deoptimization events (10 events):
Event: 31.876 Thread 0x00000000227a4000 Uncommon trap: reason=unstable_if action=reinterpret pc=0x000000000513e6f0 method=com.android.tools.r8.ir.regalloc.LinearScanRegisterAllocator.allocateSingleInterval(Lcom/android/tools/r8/ir/regalloc/LiveIntervals;Lcom/android/tools/r8/ir/regalloc/LinearScÿÿ%™∑‰?@
Event: 31.893 Thread 0x00000000227a3000 Uncommon trap: reason=unstable_if action=reinterpret pc=0x000000000507b008 method=com.android.tools.r8.graph.DexType.isPrimitiveType(C)Z @ 9
Event: 31.954 Thread 0x000000002279b000 Uncommon trap: reason=unstable_if action=reinterpret pc=0x00000000043b9fc8 method=com.android.tools.r8.graph.DexString.countBytes(Ljava/lang/String;)I @ 19
Event: 32.115 Thread 0x00000000227a6000 Uncommon trap: reason=bimorphic action=maybe_recompile pc=0x000000000510d46c method=com.android.tools.r8.ir.conversion.IRBuilder.addInstruction(Lcom/android/tools/r8/ir/code/Instruction;)V @ 6
Event: 32.115 Thread 0x00000000227a3000 Uncommon trap: reason=bimorphic action=maybe_recompile pc=0x000000000510d46c method=com.android.tools.r8.ir.conversion.IRBuilder.addInstruction(Lcom/android/tools/r8/ir/code/Instruction;)V @ 6
Event: 32.312 Thread 0x00000000227a4000 Uncommon trap: reason=unstable_if action=reinterpret pc=0x000000000530ed90 method=com.android.tools.r8.ir.optimize.CodeRewriter.rewriteMoveResult(Lcom/android/tools/r8/ir/code/IRCode;)V @ 370
Event: 32.426 Thread 0x00000000227a6000 Uncommon trap: reason=unstable_if action=reinterpret pc=0x00000000040ce66c method=com.android.tools.r8.graph.DexString.countBytes(Ljava/lang/String;)I @ 19
Event: 32.426 Thread 0x00000000227a6000 Uncommon trap: reason=unstable_if action=reinterpret pc=0x00000000040c4060 method=com.android.tools.r8.graph.DexString.countBytes(Ljava/lang/String;)I @ 19
Event: 32.609 Thread 0x00000000227a4000 Uncommon trap: reason=unstable_if action=reinterpret pc=0x00000000052dfa44 method=com.android.tools.r8.graph.DexType.isPrimitiveType(C)Z @ 15
Event: 32.791 Thread 0x00000000227a4000 Uncommon trap: reason=class_check action=maybe_recompile pc=0x00000000051fa5d4 method=com.android.tools.r8.graph.DexItemFactory.createReferenceTypeLatticeElement(Lcom/android/tools/r8/graph/DexType;ZLcom/android/tools/r8/graph/AppInfo;)Lcom/android/tools/r

Internal exceptions (10 events):
Event: 12.687 Thread 0x000000002279e800 Exception <a 'sun/nio/fs/WindowsException'> (0x000000077117f7c8) thrown at [C:\re\workspace\8-2-build-windows-amd64-cygwin\jdk8u45\3627\hotspot\src\share\vm\prims\jni.cpp, line 709]
Event: 12.687 Thread 0x000000002279e800 Exception <a 'sun/nio/fs/WindowsException'> (0x000000077117fe40) thrown at [C:\re\workspace\8-2-build-windows-amd64-cygwin\jdk8u45\3627\hotspot\src\share\vm\prims\jni.cpp, line 709]
Event: 13.520 Thread 0x000000002279e800 Exception <a 'java/lang/IncompatibleClassChangeError': Found class java.lang.Object, but interface was expected> (0x000000077993c280) thrown at [C:\re\workspace\8-2-build-windows-amd64-cygwin\jdk8u45\3627\hotspot\src\share\vm\interpreter\linkResolver.cpp, Å/;z≤≈1@
Event: 17.772 Thread 0x000000002279e800 Implicit null exception at 0x0000000004804a2c to 0x0000000004804c69
Event: 21.660 Thread 0x000000002279e800 Implicit null exception at 0x00000000049db800 to 0x00000000049dc9e1
Event: 21.899 Thread 0x000000002279e800 Implicit null exception at 0x00000000045f47f7 to 0x00000000045f4d19
Event: 22.740 Thread 0x000000002279e800 Exception <a 'java/lang/NoSuchMethodError': java.lang.Object.slowCompare(Lcom/android/tools/r8/graph/PresortedComparable;Lcom/android/tools/r8/graph/PresortedComparable;)I> (0x000000077cf43a68) thrown at [C:\re\workspace\8-2-build-windows-amd64-cygwin\jdk8ƒõê1d7@
Event: 23.391 Thread 0x000000002279e800 Implicit null exception at 0x0000000002ae1b8f to 0x0000000002ae1c9d
Event: 25.444 Thread 0x00000000227a3000 Implicit null exception at 0x00000000035dd677 to 0x00000000035dd8ed
Event: 31.692 Thread 0x00000000227a6000 Implicit null exception at 0x00000000051c90d3 to 0x00000000051ce195

Events (10 events):
Event: 33.154 Thread 0x000000001e0ab800 flushing nmethod 0x00000000048c7350
Event: 33.154 Thread 0x000000001e0ab800 flushing nmethod 0x00000000048eb810
Event: 33.154 Thread 0x000000001e0ab800 flushing nmethod 0x00000000048efd90
Event: 33.154 Thread 0x000000001e0ab800 flushing nmethod 0x0000000004910110
Event: 33.154 Thread 0x000000001e0ab800 flushing nmethod 0x0000000004912490
Event: 33.154 Thread 0x000000001e0ab800 flushing nmethod 0x000000000499db90
Event: 33.161 Thread 0x000000002279b000 DEOPT PACKING pc=0x0000000004fe7e49 sp=0x00000000309fe600
Event: 33.161 Thread 0x000000002279b000 DEOPT UNPACKING pc=0x000000000257787f sp=0x00000000309fe3f0 mode 0
Event: 33.176 Thread 0x00000000227a3000 DEOPT PACKING pc=0x000000000480fba8 sp=0x000000002e1ae2a0
Event: 33.176 Thread 0x00000000227a3000 DEOPT UNPACKING pc=0x000000000257787f sp=0x000000002e1adfd8 mode 0


Dynamic libraries:
0x00007ff7d2650000 - 0x00007ff7d2687000 	C:\Program Files\Java\jdk1.8.0_45\bin\java.exe
0x00007fff19920000 - 0x00007fff19b0d000 	C:\WINDOWS\SYSTEM32\ntdll.dll
0x00007fff17f00000 - 0x00007fff17fb3000 	C:\WINDOWS\System32\KERNEL32.DLL
0x00007fff166b0000 - 0x00007fff16943000 	C:\WINDOWS\System32\KERNELBASE.dll
0x00007fff176d0000 - 0x00007fff17773000 	C:\WINDOWS\System32\ADVAPI32.dll
0x00007fff17780000 - 0x00007fff1781e000 	C:\WINDOWS\System32\msvcrt.dll
0x00007fff17e50000 - 0x00007fff17eee000 	C:\WINDOWS\System32\sechost.dll
0x00007fff16b50000 - 0x00007fff16c72000 	C:\WINDOWS\System32\RPCRT4.dll
0x00007fff172e0000 - 0x00007fff17477000 	C:\WINDOWS\System32\USER32.dll
0x00007fff15bd0000 - 0x00007fff15bf0000 	C:\WINDOWS\System32\win32u.dll
0x00007fff172a0000 - 0x00007fff172c9000 	C:\WINDOWS\System32\GDI32.dll
0x00007fff15ca0000 - 0x00007fff15e3a000 	C:\WINDOWS\System32\gdi32full.dll
0x00007fff16590000 - 0x00007fff16630000 	C:\WINDOWS\System32\msvcp_win.dll
0x00007fff169d0000 - 0x00007fff16aca000 	C:\WINDOWS\System32\ucrtbase.dll
0x00007fff05e70000 - 0x00007fff060e9000 	C:\WINDOWS\WinSxS\amd64_microsoft.windows.common-controls_6595b64144ccf1df_6.0.17763.557_none_05b63f68071e5b9f\COMCTL32.dll
0x00007fff16c80000 - 0x00007fff16fac000 	C:\WINDOWS\System32\combase.dll
0x00007fff16630000 - 0x00007fff166ae000 	C:\WINDOWS\System32\bcryptPrimitives.dll
0x00007fff17680000 - 0x00007fff176ae000 	C:\WINDOWS\System32\IMM32.DLL
0x0000000066690000 - 0x0000000066762000 	C:\Program Files\Java\jdk1.8.0_45\jre\bin\msvcr100.dll
0x0000000065e00000 - 0x0000000066683000 	C:\Program Files\Java\jdk1.8.0_45\jre\bin\server\jvm.dll
0x00007fff17ef0000 - 0x00007fff17ef8000 	C:\WINDOWS\System32\PSAPI.DLL
0x00007fff09bf0000 - 0x00007fff09bf9000 	C:\WINDOWS\SYSTEM32\WSOCK32.dll
0x00007fff11eb0000 - 0x00007fff11ed4000 	C:\WINDOWS\SYSTEM32\WINMM.dll
0x00007fff10c20000 - 0x00007fff10c2a000 	C:\WINDOWS\SYSTEM32\VERSION.dll
0x00007fff17820000 - 0x00007fff1788d000 	C:\WINDOWS\System32\WS2_32.dll
0x00007fff11e80000 - 0x00007fff11ead000 	C:\WINDOWS\SYSTEM32\WINMMBASE.dll
0x00007fff16950000 - 0x00007fff1699a000 	C:\WINDOWS\System32\cfgmgr32.dll
0x0000000065df0000 - 0x0000000065dff000 	C:\Program Files\Java\jdk1.8.0_45\jre\bin\verify.dll
0x0000000065dc0000 - 0x0000000065de9000 	C:\Program Files\Java\jdk1.8.0_45\jre\bin\java.dll
0x0000000065da0000 - 0x0000000065db6000 	C:\Program Files\Java\jdk1.8.0_45\jre\bin\zip.dll
0x00007fff18120000 - 0x00007fff19610000 	C:\WINDOWS\System32\SHELL32.dll
0x00007fff175d0000 - 0x00007fff17678000 	C:\WINDOWS\System32\shcore.dll
0x00007fff15e40000 - 0x00007fff1658a000 	C:\WINDOWS\System32\windows.storage.dll
0x00007fff15980000 - 0x00007fff159a4000 	C:\WINDOWS\System32\profapi.dll
0x00007fff15920000 - 0x00007fff1597d000 	C:\WINDOWS\System32\powrprof.dll
0x00007fff19610000 - 0x00007fff19662000 	C:\WINDOWS\System32\shlwapi.dll
0x00007fff159b0000 - 0x00007fff159c1000 	C:\WINDOWS\System32\kernel.appcore.dll
0x00007fff16b30000 - 0x00007fff16b47000 	C:\WINDOWS\System32\cryptsp.dll
0x0000000065d80000 - 0x0000000065d9a000 	C:\Program Files\Java\jdk1.8.0_45\jre\bin\net.dll
0x00007fff151a0000 - 0x00007fff15207000 	C:\WINDOWS\system32\mswsock.dll
0x0000000065d60000 - 0x0000000065d71000 	C:\Program Files\Java\jdk1.8.0_45\jre\bin\nio.dll
0x00007ffefdc60000 - 0x00007ffefdc7e000 	C:\Users\Kisko\.gradle\native\25\windows-amd64\native-platform.dll
0x0000000065d50000 - 0x0000000065d5d000 	C:\Program Files\Java\jdk1.8.0_45\jre\bin\management.dll
0x00007fff14d60000 - 0x00007fff14d93000 	C:\WINDOWS\system32\rsaenh.dll
0x00007fff169a0000 - 0x00007fff169c6000 	C:\WINDOWS\System32\bcrypt.dll
0x00007fff15850000 - 0x00007fff15878000 	C:\WINDOWS\SYSTEM32\USERENV.dll
0x00007fff15370000 - 0x00007fff1537c000 	C:\WINDOWS\SYSTEM32\CRYPTBASE.dll
0x00007fff14f00000 - 0x00007fff14f3d000 	C:\WINDOWS\SYSTEM32\IPHLPAPI.DLL
0x00007fff17e40000 - 0x00007fff17e48000 	C:\WINDOWS\System32\NSI.dll
0x00007fff108b0000 - 0x00007fff108c6000 	C:\WINDOWS\SYSTEM32\dhcpcsvc6.DLL
0x00007fff11060000 - 0x00007fff1107c000 	C:\WINDOWS\SYSTEM32\dhcpcsvc.DLL
0x00007fff14f40000 - 0x00007fff15006000 	C:\WINDOWS\SYSTEM32\DNSAPI.dll
0x00007fff0f070000 - 0x00007fff0f25d000 	C:\WINDOWS\SYSTEM32\dbghelp.dll

VM Arguments:
jvm_args: -XX:MaxPermSize=4096m -Xmx4096M -Dfile.encoding=windows-1252 -Duser.country=FI -Duser.language=fi -Duser.variant 
java_command: org.gradle.launcher.daemon.bootstrap.GradleDaemon 5.1.1
java_class_path (initial): C:\Users\Kisko\.gradle\wrapper\dists\gradle-5.1.1-all\97z1ksx6lirer3kbvdnh7jtjg\gradle-5.1.1\lib\gradle-launcher-5.1.1.jar
Launcher Type: SUN_STANDARD

Environment Variables:
USERNAME=Kisko
OS=Windows_NT
PROCESSOR_IDENTIFIER=Intel64 Family 6 Model 60 Stepping 3, GenuineIntel



---------------  S Y S T E M  ---------------

OS: Windows 10.0 , 64 bit Build 17763 (10.0.17763.475)

CPU:total 8 (4 cores per cpu, 2 threads per core) family 6 model 60 stepping 3, cmov, cx8, fxsr, mmx, sse, sse2, sse3, ssse3, sse4.1, sse4.2, popcnt, avx, avx2, aes, clmul, erms, lzcnt, ht, tsc, tscinvbit, bmi1, bmi2

Memory: 4k page, physical 25039684k(10606128k free), swap 41816900k(9400k free)

vm_info: Java HotSpot(TM) 64-Bit Server VM (25.45-b02) for windows-amd64 JRE (1.8.0_45-b15), built on Apr 30 2015 12:40:44 by "java_re" with MS VC++ 10.0 (VS2010)

time: Sun Jul 07 16:30:53 2019
elapsed time: 33 seconds (0d 0h 0m 33s)

