#
# There is insufficient memory for the Java Runtime Environment to continue.
# Native memory allocation (malloc) failed to allocate 1754096 bytes for Chunk::new
# Possible reasons:
#   The system is out of physical RAM or swap space
#   In 32 bit mode, the process size limit was hit
# Possible solutions:
#   Reduce memory load on the system
#   Increase physical memory or swap space
#   Check if swap backing store is full
#   Use 64 bit Java on a 64 bit OS
#   Decrease Java heap size (-Xmx/-Xms)
#   Decrease number of Java threads
#   Decrease Java thread stack sizes (-Xss)
#   Set larger code cache with -XX:ReservedCodeCacheSize=
# This output file may be truncated or incomplete.
#
#  Out of Memory Error (allocation.cpp:390), pid=12552, tid=16328
#
# JRE version: Java(TM) SE Runtime Environment (8.0_45-b15) (build 1.8.0_45-b15)
# Java VM: Java HotSpot(TM) 64-Bit Server VM (25.45-b02 mixed mode windows-amd64 compressed oops)
# Failed to write core dump. Minidumps are not enabled by default on client versions of Windows
#

---------------  T H R E A D  ---------------

Current thread (0x000000001ece3000):  JavaThread "C2 CompilerThread0" daemon [_thread_in_native, id=16328, stack(0x000000001f2b0000,0x000000001f3b0000)]

Stack: [0x000000001f2b0000,0x000000001f3b0000]
Native frames: (J=compiled Java code, j=interpreted, Vv=VM code, C=native code)
V  [jvm.dll+0x32b57a]
V  [jvm.dll+0x279873]
V  [jvm.dll+0x27a509]
V  [jvm.dll+0x271825]
V  [jvm.dll+0xcb9e2]
V  [jvm.dll+0xcbeac]
V  [jvm.dll+0x476ef2]
V  [jvm.dll+0x4b955f]
V  [jvm.dll+0x46bc14]
V  [jvm.dll+0x46ccbe]
V  [jvm.dll+0x4500f2]
V  [jvm.dll+0xa4352]
V  [jvm.dll+0xa4c8f]
V  [jvm.dll+0x241984]
V  [jvm.dll+0x29853a]
C  [msvcr100.dll+0x21d9f]
C  [msvcr100.dll+0x21e3b]
C  [KERNEL32.DLL+0x17974]
C  [ntdll.dll+0x6a271]


Current CompileTask:
C2:1348637 35834       4       com.android.tools.r8.ir.conversion.JarSourceCode::buildInstruction (264 bytes)


---------------  P R O C E S S  ---------------

Java Threads: ( => current thread )
  0x0000000023a0d800 JavaThread "ForkJoinPool-1-worker-3" daemon [_thread_blocked, id=1068, stack(0x000000004d8e0000,0x000000004d9e0000)]
  0x0000000020c50000 JavaThread "ForkJoinPool-1-worker-1" daemon [_thread_blocked, id=19992, stack(0x000000004d6e0000,0x000000004d7e0000)]
  0x0000000023a1c800 JavaThread "ForkJoinPool.commonPool-worker-5" daemon [_thread_blocked, id=19408, stack(0x000000004d4e0000,0x000000004d5e0000)]
  0x0000000023a1a000 JavaThread "ForkJoinPool.commonPool-worker-4" daemon [_thread_blocked, id=456, stack(0x000000004d3e0000,0x000000004d4e0000)]
  0x0000000023a12000 JavaThread "ForkJoinPool.commonPool-worker-1" daemon [_thread_blocked, id=21468, stack(0x000000004d0e0000,0x000000004d1e0000)]
  0x000000001fc9f000 JavaThread "ForkJoinPool.commonPool-worker-7" daemon [_thread_blocked, id=8820, stack(0x000000004cee0000,0x000000004cfe0000)]
  0x000000001fc93000 JavaThread "Cache worker for Java compile cache (D:\Documents\Kiskogram\Telegram\.gradle\5.1.1\javaCompile)" [_thread_blocked, id=17744, stack(0x000000004bce0000,0x000000004bde0000)]
  0x000000001fc9a000 JavaThread "Cache worker for execution history cache (D:\Documents\Kiskogram\Telegram\.gradle\5.1.1\executionHistory)" [_thread_blocked, id=9928, stack(0x000000004bbe0000,0x000000004bce0000)]
  0x000000001fc96000 JavaThread "Execution worker for ':' Thread 7" [_thread_blocked, id=13728, stack(0x000000004bae0000,0x000000004bbe0000)]
  0x000000001fc92800 JavaThread "Execution worker for ':' Thread 6" [_thread_in_Java, id=8160, stack(0x000000004b9e0000,0x000000004bae0000)]
  0x000000001fc95800 JavaThread "Execution worker for ':' Thread 5" [_thread_blocked, id=1040, stack(0x000000004b8e0000,0x000000004b9e0000)]
  0x0000000027393000 JavaThread "Execution worker for ':' Thread 4" [_thread_blocked, id=22936, stack(0x000000004b7e0000,0x000000004b8e0000)]
  0x0000000027392800 JavaThread "Execution worker for ':' Thread 3" [_thread_blocked, id=23476, stack(0x000000004b6e0000,0x000000004b7e0000)]
  0x0000000027390000 JavaThread "Execution worker for ':' Thread 2" [_thread_blocked, id=19328, stack(0x000000004b5e0000,0x000000004b6e0000)]
  0x0000000027391800 JavaThread "Execution worker for ':'" [_thread_blocked, id=2316, stack(0x000000004b4e0000,0x000000004b5e0000)]
  0x0000000027391000 JavaThread "Cache worker for file content cache (D:\Documents\Kiskogram\Telegram\.gradle\5.1.1\fileContent)" [_thread_blocked, id=22284, stack(0x000000004b3e0000,0x000000004b4e0000)]
  0x0000000027388000 JavaThread "Cache worker for Build Output Cleanup Cache (D:\Documents\Kiskogram\Telegram\.gradle\buildOutputCleanup)" [_thread_blocked, id=10440, stack(0x000000004b2e0000,0x000000004b3e0000)]
  0x000000002738e800 JavaThread "pool-21-thread-1" [_thread_blocked, id=5748, stack(0x000000004b1e0000,0x000000004b2e0000)]
  0x000000002738d000 JavaThread "Build operations Thread 8" [_thread_blocked, id=12296, stack(0x000000004b0e0000,0x000000004b1e0000)]
  0x000000002738e000 JavaThread "Build operations Thread 7" [_thread_blocked, id=10296, stack(0x000000004afe0000,0x000000004b0e0000)]
  0x0000000027388800 JavaThread "Build operations Thread 6" [_thread_blocked, id=22496, stack(0x000000004aee0000,0x000000004afe0000)]
  0x0000000027385800 JavaThread "Build operations Thread 5" [_thread_blocked, id=15412, stack(0x000000004ade0000,0x000000004aee0000)]
  0x000000002738c800 JavaThread "Build operations Thread 4" [_thread_blocked, id=12536, stack(0x000000004ace0000,0x000000004ade0000)]
  0x0000000027387000 JavaThread "Build operations Thread 3" [_thread_blocked, id=11692, stack(0x000000004abe0000,0x000000004ace0000)]
  0x0000000027385000 JavaThread "Build operations Thread 2" [_thread_blocked, id=19704, stack(0x000000004aae0000,0x000000004abe0000)]
  0x0000000027384000 JavaThread "Build operations" [_thread_blocked, id=21860, stack(0x000000004a9e0000,0x000000004aae0000)]
  0x0000000027386800 JavaThread "Cache worker for cache directory md-rule (C:\Users\Kisko\.gradle\caches\5.1.1\md-rule)" [_thread_blocked, id=18680, stack(0x000000004a8e0000,0x000000004a9e0000)]
  0x000000002738a000 JavaThread "Cache worker for cache directory md-supplier (C:\Users\Kisko\.gradle\caches\5.1.1\md-supplier)" [_thread_blocked, id=20468, stack(0x000000004a7e0000,0x000000004a8e0000)]
  0x0000000027389800 JavaThread "Cache worker for file hash cache (D:\Documents\Kiskogram\Telegram\.gradle\5.1.1\fileHashes)" [_thread_blocked, id=11284, stack(0x000000004a6e0000,0x000000004a7e0000)]
  0x00000000291c9800 JavaThread "Thread-344" [_thread_blocked, id=14468, stack(0x000000004a5e0000,0x000000004a6e0000)]
  0x00000000291d0000 JavaThread "Stdin handler" [_thread_blocked, id=20016, stack(0x000000004a4e0000,0x000000004a5e0000)]
  0x00000000291c2000 JavaThread "Asynchronous log dispatcher for DefaultDaemonConnection: socket connection from /127.0.0.1:1052 to /127.0.0.1:2319" [_thread_blocked, id=12436, stack(0x000000004a3e0000,0x000000004a4e0000)]
  0x00000000291c8800 JavaThread "Daemon worker Thread 7" [_thread_blocked, id=5588, stack(0x000000004a2e0000,0x000000004a3e0000)]
  0x00000000291c4000 JavaThread "Cancel handler" [_thread_blocked, id=16848, stack(0x000000004a1e0000,0x000000004a2e0000)]
  0x00000000291c5800 JavaThread "Handler for socket connection from /127.0.0.1:1052 to /127.0.0.1:2319" [_thread_in_native, id=1904, stack(0x000000004a0e0000,0x000000004a1e0000)]
  0x00000000291c6800 JavaThread "Daemon Thread 7" [_thread_blocked, id=19776, stack(0x0000000049fe0000,0x000000004a0e0000)]
  0x00000000291cd000 JavaThread "Cache worker for Java compile cache (C:\Users\Kisko\.gradle\caches\5.1.1\javaCompile)" [_thread_blocked, id=16268, stack(0x00000000452e0000,0x00000000453e0000)]
  0x0000000023a18000 JavaThread "Java2D Disposer" daemon [_thread_blocked, id=18508, stack(0x0000000036ee0000,0x0000000036fe0000)]
  0x0000000023a0f800 JavaThread "Cache worker for file content cache (C:\Users\Kisko\.gradle\caches\5.1.1\fileContent)" [_thread_blocked, id=17244, stack(0x0000000033ee0000,0x0000000033fe0000)]
  0x0000000023a16800 JavaThread "Memory manager" [_thread_blocked, id=13800, stack(0x000000002a360000,0x000000002a460000)]
  0x0000000020c4e800 JavaThread "Cache worker for execution history cache (C:\Users\Kisko\.gradle\caches\5.1.1\executionHistory)" [_thread_blocked, id=14656, stack(0x0000000026620000,0x0000000026720000)]
  0x0000000020c4f800 JavaThread "Cache worker for journal cache (C:\Users\Kisko\.gradle\caches\journal-1)" [_thread_blocked, id=1504, stack(0x0000000022600000,0x0000000022700000)]
  0x0000000020c53000 JavaThread "File lock request listener" [_thread_in_native, id=13408, stack(0x0000000022500000,0x0000000022600000)]
  0x0000000020c52800 JavaThread "Cache worker for file hash cache (C:\Users\Kisko\.gradle\caches\5.1.1\fileHashes)" [_thread_blocked, id=22968, stack(0x0000000022400000,0x0000000022500000)]
  0x00000000209d0800 JavaThread "Daemon periodic checks" [_thread_blocked, id=15256, stack(0x0000000021900000,0x0000000021a00000)]
  0x00000000209c3000 JavaThread "Incoming local TCP Connector on port 1052" [_thread_in_native, id=8492, stack(0x00000000216c0000,0x00000000217c0000)]
  0x00000000203da000 JavaThread "Daemon health stats" [_thread_blocked, id=14096, stack(0x0000000021080000,0x0000000021180000)]
  0x000000001ed86800 JavaThread "Service Thread" daemon [_thread_blocked, id=16844, stack(0x000000001f6b0000,0x000000001f7b0000)]
  0x000000001ecf6800 JavaThread "C1 CompilerThread3" daemon [_thread_blocked, id=21788, stack(0x000000001f5b0000,0x000000001f6b0000)]
  0x000000001ece9000 JavaThread "C2 CompilerThread2" daemon [_thread_in_native, id=15208, stack(0x000000001f4b0000,0x000000001f5b0000)]
  0x000000001ece5800 JavaThread "C2 CompilerThread1" daemon [_thread_in_native, id=23112, stack(0x000000001f3b0000,0x000000001f4b0000)]
=>0x000000001ece3000 JavaThread "C2 CompilerThread0" daemon [_thread_in_native, id=16328, stack(0x000000001f2b0000,0x000000001f3b0000)]
  0x000000001ecdd800 JavaThread "Attach Listener" daemon [_thread_blocked, id=17204, stack(0x000000001f1b0000,0x000000001f2b0000)]
  0x000000001ecdc800 JavaThread "Signal Dispatcher" daemon [_thread_blocked, id=5696, stack(0x000000001f0b0000,0x000000001f1b0000)]
  0x0000000003166000 JavaThread "Finalizer" daemon [_thread_blocked, id=9404, stack(0x000000001ebb0000,0x000000001ecb0000)]
  0x0000000003165000 JavaThread "Reference Handler" daemon [_thread_blocked, id=15776, stack(0x000000001eab0000,0x000000001ebb0000)]
  0x0000000003073800 JavaThread "main" [_thread_blocked, id=23484, stack(0x0000000002f10000,0x0000000003010000)]

Other Threads:
  0x000000001ccd9800 VMThread [stack: 0x000000001e9b0000,0x000000001eab0000] [id=7008]
  0x000000001ed88800 WatcherThread [stack: 0x000000001f7b0000,0x000000001f8b0000] [id=17540]

VM state:not at safepoint (normal execution)

VM Mutex/Monitor currently owned by a thread: None

Heap:
 PSYoungGen      total 1071616K, used 61215K [0x000000076ab00000, 0x00000007c0000000, 0x00000007c0000000)
  eden space 762880K, 8% used [0x000000076ab00000,0x000000076e6c7f78,0x0000000799400000)
  from space 308736K, 0% used [0x00000007ad280000,0x00000007ad280000,0x00000007c0000000)
  to   space 317440K, 0% used [0x0000000799400000,0x0000000799400000,0x00000007aca00000)
 ParOldGen       total 1215488K, used 514735K [0x00000006c0000000, 0x000000070a300000, 0x000000076ab00000)
  object space 1215488K, 42% used [0x00000006c0000000,0x00000006df6abd38,0x000000070a300000)
 Metaspace       used 143712K, capacity 149580K, committed 149652K, reserved 1179648K
  class space    used 17738K, capacity 18872K, committed 18876K, reserved 1048576K

Card table byte_map: [0x0000000012530000,0x0000000012d40000] byte_map_base: 0x000000000ef30000

Marking Bits: (ParMarkBitMap*) 0x0000000066604040
 Begin Bits: [0x0000000013aa0000, 0x0000000017aa0000)
 End Bits:   [0x0000000017aa0000, 0x000000001baa0000)

Polling page: 0x0000000001290000

CodeCache: size=245760Kb used=93935Kb max_used=96105Kb free=151824Kb
 bounds [0x0000000003170000, 0x0000000008fd0000, 0x0000000012170000]
 total_blobs=25711 nmethods=24691 adapters=930
 compilation: enabled

Compilation events (10 events):
Event: 1348.595 Thread 0x000000001ecf6800 35957       2       com.android.tools.r8.graph.UseRegistry::registerCheckCast (6 bytes)
Event: 1348.596 Thread 0x000000001ecf6800 nmethod 35957 0x0000000008b04110 code [0x0000000008b04280, 0x0000000008b04408]
Event: 1348.598 Thread 0x000000001ecf6800 35958       2       com.android.tools.r8.ir.conversion.CallGraph$InvokeExtractor::registerInvokeInterface (10 bytes)
Event: 1348.598 Thread 0x000000001ecf6800 nmethod 35958 0x0000000007d539d0 code [0x0000000007d53b40, 0x0000000007d53cc8]
Event: 1348.601 Thread 0x000000001ecf6800 35960       1       com.android.tools.r8.shaking.Enqueuer$AppInfoWithLiveness::withLiveness (2 bytes)
Event: 1348.601 Thread 0x000000001ecf6800 nmethod 35960 0x00000000089e3750 code [0x00000000089e38a0, 0x00000000089e39b0]
Event: 1348.602 Thread 0x000000001ecf6800 35961       2       com.android.tools.r8.graph.DexClass::allMethodsSorted (52 bytes)
Event: 1348.602 Thread 0x000000001ecf6800 nmethod 35961 0x0000000008aeacd0 code [0x0000000008aeae60, 0x0000000008aeb1c8]
Event: 1348.605 Thread 0x000000001ecf6800 35962       2       com.android.tools.r8.ir.conversion.CallGraph$InvokeExtractor::registerInvokeSuper (10 bytes)
Event: 1348.605 Thread 0x000000001ecf6800 nmethod 35962 0x00000000087c8350 code [0x00000000087c84c0, 0x00000000087c8648]

GC Heap History (10 events):
Event: 1331.617 GC heap before
{Heap before GC invocations=54 (full 5):
 PSYoungGen      total 1060352K, used 797124K [0x000000076ab00000, 0x00000007bdf00000, 0x00000007c0000000)
  eden space 775168K, 100% used [0x000000076ab00000,0x000000079a000000,0x000000079a000000)
  from space 285184K, 7% used [0x00000007ac880000,0x00000007addf10d0,0x00000007bdf00000)
  to   space 294400K, 0% used [0x000000079a000000,0x000000079a000000,0x00000007abf80000)
 ParOldGen       total 860672K, used 620262K [0x00000006c0000000, 0x00000006f4880000, 0x000000076ab00000)
  object space 860672K, 72% used [0x00000006c0000000,0x00000006e5db9aa8,0x00000006f4880000)
 Metaspace       used 134318K, capacity 139322K, committed 139412K, reserved 1171456K
  class space    used 16563K, capacity 17591K, committed 17596K, reserved 1048576K
Event: 1331.650 GC heap after
Heap after GC invocations=54 (full 5):
 PSYoungGen      total 1069568K, used 34842K [0x000000076ab00000, 0x00000007bef00000, 0x00000007c0000000)
  eden space 775168K, 0% used [0x000000076ab00000,0x000000076ab00000,0x000000079a000000)
  from space 294400K, 11% used [0x000000079a000000,0x000000079c206bd0,0x00000007abf80000)
  to   space 281088K, 0% used [0x00000007adc80000,0x00000007adc80000,0x00000007bef00000)
 ParOldGen       total 860672K, used 633825K [0x00000006c0000000, 0x00000006f4880000, 0x000000076ab00000)
  object space 860672K, 73% used [0x00000006c0000000,0x00000006e6af8640,0x00000006f4880000)
 Metaspace       used 134318K, capacity 139322K, committed 139412K, reserved 1171456K
  class space    used 16563K, capacity 17591K, committed 17596K, reserved 1048576K
}
Event: 1337.250 GC heap before
{Heap before GC invocations=55 (full 5):
 PSYoungGen      total 1069568K, used 810010K [0x000000076ab00000, 0x00000007bef00000, 0x00000007c0000000)
  eden space 775168K, 100% used [0x000000076ab00000,0x000000079a000000,0x000000079a000000)
  from space 294400K, 11% used [0x000000079a000000,0x000000079c206bd0,0x00000007abf80000)
  to   space 281088K, 0% used [0x00000007adc80000,0x00000007adc80000,0x00000007bef00000)
 ParOldGen       total 860672K, used 633825K [0x00000006c0000000, 0x00000006f4880000, 0x000000076ab00000)
  object space 860672K, 73% used [0x00000006c0000000,0x00000006e6af8640,0x00000006f4880000)
 Metaspace       used 138150K, capacity 143500K, committed 143764K, reserved 1175552K
  class space    used 17016K, capacity 18072K, committed 18108K, reserved 1048576K
Event: 1337.356 GC heap after
Heap after GC invocations=55 (full 5):
 PSYoungGen      total 1100800K, used 128468K [0x000000076ab00000, 0x00000007bf000000, 0x00000007c0000000)
  eden space 819712K, 0% used [0x000000076ab00000,0x000000076ab00000,0x000000079cb80000)
  from space 281088K, 45% used [0x00000007adc80000,0x00000007b59f5328,0x00000007bef00000)
  to   space 279552K, 0% used [0x000000079cb80000,0x000000079cb80000,0x00000007adc80000)
 ParOldGen       total 860672K, used 645296K [0x00000006c0000000, 0x00000006f4880000, 0x000000076ab00000)
  object space 860672K, 74% used [0x00000006c0000000,0x00000006e762c0d0,0x00000006f4880000)
 Metaspace       used 138150K, capacity 143500K, committed 143764K, reserved 1175552K
  class space    used 17016K, capacity 18072K, committed 18108K, reserved 1048576K
}
Event: 1342.629 GC heap before
{Heap before GC invocations=56 (full 5):
 PSYoungGen      total 1100800K, used 948180K [0x000000076ab00000, 0x00000007bf000000, 0x00000007c0000000)
  eden space 819712K, 100% used [0x000000076ab00000,0x000000079cb80000,0x000000079cb80000)
  from space 281088K, 45% used [0x00000007adc80000,0x00000007b59f5328,0x00000007bef00000)
  to   space 279552K, 0% used [0x000000079cb80000,0x000000079cb80000,0x00000007adc80000)
 ParOldGen       total 860672K, used 645296K [0x00000006c0000000, 0x00000006f4880000, 0x000000076ab00000)
  object space 860672K, 74% used [0x00000006c0000000,0x00000006e762c0d0,0x00000006f4880000)
 Metaspace       used 139713K, capacity 145286K, committed 145556K, reserved 1177600K
  class space    used 17190K, capacity 18249K, committed 18364K, reserved 1048576K
Event: 1342.823 GC heap after
Heap after GC invocations=56 (full 5):
 PSYoungGen      total 1033216K, used 213133K [0x000000076ab00000, 0x00000007c0000000, 0x00000007c0000000)
  eden space 819712K, 0% used [0x000000076ab00000,0x000000076ab00000,0x000000079cb80000)
  from space 213504K, 99% used [0x000000079cb80000,0x00000007a9ba3730,0x00000007a9c00000)
  to   space 308736K, 0% used [0x00000007ad280000,0x00000007ad280000,0x00000007c0000000)
 ParOldGen       total 860672K, used 737974K [0x00000006c0000000, 0x00000006f4880000, 0x000000076ab00000)
  object space 860672K, 85% used [0x00000006c0000000,0x00000006ed0ad8e0,0x00000006f4880000)
 Metaspace       used 139713K, capacity 145286K, committed 145556K, reserved 1177600K
  class space    used 17190K, capacity 18249K, committed 18364K, reserved 1048576K
}
Event: 1346.926 GC heap before
{Heap before GC invocations=57 (full 5):
 PSYoungGen      total 1033216K, used 1032845K [0x000000076ab00000, 0x00000007c0000000, 0x00000007c0000000)
  eden space 819712K, 100% used [0x000000076ab00000,0x000000079cb80000,0x000000079cb80000)
  from space 213504K, 99% used [0x000000079cb80000,0x00000007a9ba3730,0x00000007a9c00000)
  to   space 308736K, 0% used [0x00000007ad280000,0x00000007ad280000,0x00000007c0000000)
 ParOldGen       total 860672K, used 737974K [0x00000006c0000000, 0x00000006f4880000, 0x000000076ab00000)
  object space 860672K, 85% used [0x00000006c0000000,0x00000006ed0ad8e0,0x00000006f4880000)
 Metaspace       used 142943K, capacity 148720K, committed 148884K, reserved 1179648K
  class space    used 17656K, capacity 18790K, committed 18876K, reserved 1048576K
Event: 1347.091 GC heap after
Heap after GC invocations=57 (full 5):
 PSYoungGen      total 1071616K, used 176645K [0x000000076ab00000, 0x00000007c0000000, 0x00000007c0000000)
  eden space 762880K, 0% used [0x000000076ab00000,0x000000076ab00000,0x0000000799400000)
  from space 308736K, 57% used [0x00000007ad280000,0x00000007b7f017a0,0x00000007c0000000)
  to   space 317440K, 0% used [0x0000000799400000,0x0000000799400000,0x00000007aca00000)
 ParOldGen       total 899072K, used 898703K [0x00000006c0000000, 0x00000006f6e00000, 0x000000076ab00000)
  object space 899072K, 99% used [0x00000006c0000000,0x00000006f6da3f98,0x00000006f6e00000)
 Metaspace       used 142943K, capacity 148720K, committed 148884K, reserved 1179648K
  class space    used 17656K, capacity 18790K, committed 18876K, reserved 1048576K
}
Event: 1347.091 GC heap before
{Heap before GC invocations=58 (full 6):
 PSYoungGen      total 1071616K, used 176645K [0x000000076ab00000, 0x00000007c0000000, 0x00000007c0000000)
  eden space 762880K, 0% used [0x000000076ab00000,0x000000076ab00000,0x0000000799400000)
  from space 308736K, 57% used [0x00000007ad280000,0x00000007b7f017a0,0x00000007c0000000)
  to   space 317440K, 0% used [0x0000000799400000,0x0000000799400000,0x00000007aca00000)
 ParOldGen       total 899072K, used 898703K [0x00000006c0000000, 0x00000006f6e00000, 0x000000076ab00000)
  object space 899072K, 99% used [0x00000006c0000000,0x00000006f6da3f98,0x00000006f6e00000)
 Metaspace       used 142943K, capacity 148720K, committed 148884K, reserved 1179648K
  class space    used 17656K, capacity 18790K, committed 18876K, reserved 1048576K
Event: 1348.126 GC heap after
Heap after GC invocations=58 (full 6):
 PSYoungGen      total 1071616K, used 0K [0x000000076ab00000, 0x00000007c0000000, 0x00000007c0000000)
  eden space 762880K, 0% used [0x000000076ab00000,0x000000076ab00000,0x0000000799400000)
  from space 308736K, 0% used [0x00000007ad280000,0x00000007ad280000,0x00000007c0000000)
  to   space 317440K, 0% used [0x0000000799400000,0x0000000799400000,0x00000007aca00000)
 ParOldGen       total 1215488K, used 514735K [0x00000006c0000000, 0x000000070a300000, 0x000000076ab00000)
  object space 1215488K, 42% used [0x00000006c0000000,0x00000006df6abd38,0x000000070a300000)
 Metaspace       used 142931K, capacity 148696K, committed 148884K, reserved 1179648K
  class space    used 17652K, capacity 18784K, committed 18876K, reserved 1048576K
}

Deoptimization events (10 events):
Event: 1348.531 Thread 0x000000001fc92800 Uncommon trap: reason=array_check action=maybe_recompile pc=0x0000000008a08dc8 method=java.util.TimSort.mergeHi(IIII)V @ 101
Event: 1348.531 Thread 0x000000001fc92800 Uncommon trap: reason=array_check action=maybe_recompile pc=0x0000000008a08dc8 method=java.util.TimSort.mergeHi(IIII)V @ 101
Event: 1348.531 Thread 0x000000001fc92800 Uncommon trap: reason=array_check action=maybe_recompile pc=0x0000000008a08dc8 method=java.util.TimSort.mergeHi(IIII)V @ 101
Event: 1348.531 Thread 0x000000001fc92800 Uncommon trap: reason=array_check action=maybe_recompile pc=0x0000000008a08dc8 method=java.util.TimSort.mergeHi(IIII)V @ 101
Event: 1348.532 Thread 0x000000001fc92800 Uncommon trap: reason=array_check action=maybe_recompile pc=0x0000000008ab9fac method=java.util.TimSort.mergeLo(IIII)V @ 245
Event: 1348.533 Thread 0x000000001fc92800 Uncommon trap: reason=array_check action=maybe_recompile pc=0x0000000008ab9f7c method=java.util.TimSort.mergeLo(IIII)V @ 212
Event: 1348.533 Thread 0x000000001fc92800 Uncommon trap: reason=array_check action=maybe_recompile pc=0x0000000005395e74 method=java.util.TimSort.mergeHi(IIII)V @ 250
Event: 1348.534 Thread 0x000000001fc92800 Uncommon trap: reason=array_check action=maybe_recompile pc=0x0000000008ab9f7c method=java.util.TimSort.mergeLo(IIII)V @ 212
Event: 1348.535 Thread 0x000000001fc92800 Uncommon trap: reason=array_check action=maybe_recompile pc=0x0000000005395e74 method=java.util.TimSort.mergeHi(IIII)V @ 250
Event: 1348.550 Thread 0x000000001fc92800 Uncommon trap: reason=array_check action=maybe_recompile pc=0x000000000777d400 method=java.util.TimSort.binarySort([Ljava/lang/Object;IIILjava/util/Comparator;)V @ 215

Internal exceptions (10 events):
Event: 1333.094 Thread 0x000000001fc92800 Exception <a 'sun/nio/fs/WindowsException'> (0x000000077996d448) thrown at [C:\re\workspace\8-2-build-windows-amd64-cygwin\jdk8u45\3627\hotspot\src\share\vm\prims\jni.cpp, line 709]
Event: 1335.456 Thread 0x000000001fc92800 Exception <a 'java/lang/IncompatibleClassChangeError': Found class java.lang.Object, but interface was expected> (0x000000078217c020) thrown at [C:\re\workspace\8-2-build-windows-amd64-cygwin\jdk8u45\3627\hotspot\src\share\vm\interpreter\linkResolver.cpp, ò*Ω€AÁî@
Event: 1337.814 Thread 0x000000001fc92800 Implicit null exception at 0x00000000076fc1d6 to 0x00000000076fde01
Event: 1338.839 Thread 0x000000001fc92800 Implicit null exception at 0x0000000008152d07 to 0x00000000081538a5
Event: 1345.067 Thread 0x000000001fc92800 Implicit null exception at 0x0000000008cd1184 to 0x0000000008cd3935
Event: 1345.088 Thread 0x000000001fc92800 Implicit null exception at 0x0000000008cbf7a0 to 0x0000000008cc1cb9
Event: 1345.327 Thread 0x000000001fc92800 Implicit null exception at 0x000000000898033b to 0x0000000008980869
Event: 1345.362 Thread 0x000000001fc92800 Implicit null exception at 0x0000000007e6eacf to 0x0000000007e6ec65
Event: 1346.160 Thread 0x000000001fc92800 Exception <a 'java/lang/NoSuchMethodError': java.lang.Object.slowCompare(Lcom/android/tools/r8/graph/PresortedComparable;Lcom/android/tools/r8/graph/PresortedComparable;)I> (0x0000000798b553f8) thrown at [C:\re\workspace\8-2-build-windows-amd64-cygwin\jdk81êﬁtï@
Event: 1346.864 Thread 0x000000001fc92800 Implicit null exception at 0x00000000052ab28f to 0x00000000052ab39d

Events (10 events):
Event: 1348.568 Thread 0x000000001ecf6800 flushing nmethod 0x0000000008dc8c10
Event: 1348.568 Thread 0x000000001ecf6800 flushing nmethod 0x0000000008e2e1d0
Event: 1348.581 Thread 0x000000001fc92800 DEOPT PACKING pc=0x0000000006df0415 sp=0x000000004badbfc0
Event: 1348.581 Thread 0x000000001fc92800 DEOPT UNPACKING pc=0x00000000031b787f sp=0x000000004badbce8 mode 0
Event: 1348.597 Thread 0x000000001fc92800 DEOPT PACKING pc=0x0000000006df0415 sp=0x000000004badbfc0
Event: 1348.597 Thread 0x000000001fc92800 DEOPT UNPACKING pc=0x00000000031b787f sp=0x000000004badbce8 mode 0
Event: 1348.604 Thread 0x000000001fc92800 DEOPT PACKING pc=0x0000000006df0415 sp=0x000000004badbfc0
Event: 1348.604 Thread 0x000000001fc92800 DEOPT UNPACKING pc=0x00000000031b787f sp=0x000000004badbce8 mode 0
Event: 1348.610 Thread 0x000000001fc92800 DEOPT PACKING pc=0x0000000006df0415 sp=0x000000004badbfc0
Event: 1348.610 Thread 0x000000001fc92800 DEOPT UNPACKING pc=0x00000000031b787f sp=0x000000004badbce8 mode 0


Dynamic libraries:
0x00007ff609a80000 - 0x00007ff609ab7000 	C:\Program Files\Java\jdk1.8.0_45\bin\java.exe
0x00007fff19920000 - 0x00007fff19b0d000 	C:\WINDOWS\SYSTEM32\ntdll.dll
0x00007fff17f00000 - 0x00007fff17fb3000 	C:\WINDOWS\System32\KERNEL32.DLL
0x00007fff166b0000 - 0x00007fff16943000 	C:\WINDOWS\System32\KERNELBASE.dll
0x00007fff176d0000 - 0x00007fff17773000 	C:\WINDOWS\System32\ADVAPI32.dll
0x00007fff17780000 - 0x00007fff1781e000 	C:\WINDOWS\System32\msvcrt.dll
0x00007fff17e50000 - 0x00007fff17eee000 	C:\WINDOWS\System32\sechost.dll
0x00007fff16b50000 - 0x00007fff16c72000 	C:\WINDOWS\System32\RPCRT4.dll
0x00007fff172e0000 - 0x00007fff17477000 	C:\WINDOWS\System32\USER32.dll
0x00007fff15bd0000 - 0x00007fff15bf0000 	C:\WINDOWS\System32\win32u.dll
0x00007fff172a0000 - 0x00007fff172c9000 	C:\WINDOWS\System32\GDI32.dll
0x00007fff15ca0000 - 0x00007fff15e3a000 	C:\WINDOWS\System32\gdi32full.dll
0x00007fff16590000 - 0x00007fff16630000 	C:\WINDOWS\System32\msvcp_win.dll
0x00007fff169d0000 - 0x00007fff16aca000 	C:\WINDOWS\System32\ucrtbase.dll
0x00007fff05e70000 - 0x00007fff060e9000 	C:\WINDOWS\WinSxS\amd64_microsoft.windows.common-controls_6595b64144ccf1df_6.0.17763.557_none_05b63f68071e5b9f\COMCTL32.dll
0x00007fff16c80000 - 0x00007fff16fac000 	C:\WINDOWS\System32\combase.dll
0x00007fff16630000 - 0x00007fff166ae000 	C:\WINDOWS\System32\bcryptPrimitives.dll
0x00007fff17680000 - 0x00007fff176ae000 	C:\WINDOWS\System32\IMM32.DLL
0x0000000066690000 - 0x0000000066762000 	C:\Program Files\Java\jdk1.8.0_45\jre\bin\msvcr100.dll
0x0000000065e00000 - 0x0000000066683000 	C:\Program Files\Java\jdk1.8.0_45\jre\bin\server\jvm.dll
0x00007fff17ef0000 - 0x00007fff17ef8000 	C:\WINDOWS\System32\PSAPI.DLL
0x00007fff09bf0000 - 0x00007fff09bf9000 	C:\WINDOWS\SYSTEM32\WSOCK32.dll
0x00007fff11eb0000 - 0x00007fff11ed4000 	C:\WINDOWS\SYSTEM32\WINMM.dll
0x00007fff17820000 - 0x00007fff1788d000 	C:\WINDOWS\System32\WS2_32.dll
0x00007fff10c20000 - 0x00007fff10c2a000 	C:\WINDOWS\SYSTEM32\VERSION.dll
0x00007fff11e80000 - 0x00007fff11ead000 	C:\WINDOWS\SYSTEM32\winmmbase.dll
0x00007fff16950000 - 0x00007fff1699a000 	C:\WINDOWS\System32\cfgmgr32.dll
0x0000000065df0000 - 0x0000000065dff000 	C:\Program Files\Java\jdk1.8.0_45\jre\bin\verify.dll
0x0000000065dc0000 - 0x0000000065de9000 	C:\Program Files\Java\jdk1.8.0_45\jre\bin\java.dll
0x0000000065da0000 - 0x0000000065db6000 	C:\Program Files\Java\jdk1.8.0_45\jre\bin\zip.dll
0x00007fff18120000 - 0x00007fff19610000 	C:\WINDOWS\System32\SHELL32.dll
0x00007fff175d0000 - 0x00007fff17678000 	C:\WINDOWS\System32\shcore.dll
0x00007fff15e40000 - 0x00007fff1658a000 	C:\WINDOWS\System32\windows.storage.dll
0x00007fff15980000 - 0x00007fff159a4000 	C:\WINDOWS\System32\profapi.dll
0x00007fff15920000 - 0x00007fff1597d000 	C:\WINDOWS\System32\powrprof.dll
0x00007fff19610000 - 0x00007fff19662000 	C:\WINDOWS\System32\shlwapi.dll
0x00007fff159b0000 - 0x00007fff159c1000 	C:\WINDOWS\System32\kernel.appcore.dll
0x00007fff16b30000 - 0x00007fff16b47000 	C:\WINDOWS\System32\cryptsp.dll
0x0000000065d80000 - 0x0000000065d9a000 	C:\Program Files\Java\jdk1.8.0_45\jre\bin\net.dll
0x00007fff151a0000 - 0x00007fff15207000 	C:\WINDOWS\system32\mswsock.dll
0x0000000065d60000 - 0x0000000065d71000 	C:\Program Files\Java\jdk1.8.0_45\jre\bin\nio.dll
0x00007ffefdc60000 - 0x00007ffefdc7e000 	C:\Users\Kisko\.gradle\native\25\windows-amd64\native-platform.dll
0x0000000065d50000 - 0x0000000065d5d000 	C:\Program Files\Java\jdk1.8.0_45\jre\bin\management.dll
0x00007fff14d60000 - 0x00007fff14d93000 	C:\WINDOWS\system32\rsaenh.dll
0x00007fff169a0000 - 0x00007fff169c6000 	C:\WINDOWS\System32\bcrypt.dll
0x00007fff15850000 - 0x00007fff15878000 	C:\WINDOWS\SYSTEM32\USERENV.dll
0x00007fff15370000 - 0x00007fff1537c000 	C:\WINDOWS\SYSTEM32\CRYPTBASE.dll
0x00007fff14f00000 - 0x00007fff14f3d000 	C:\WINDOWS\SYSTEM32\IPHLPAPI.DLL
0x00007fff17e40000 - 0x00007fff17e48000 	C:\WINDOWS\System32\NSI.dll
0x00007fff108b0000 - 0x00007fff108c6000 	C:\WINDOWS\SYSTEM32\dhcpcsvc6.DLL
0x00007fff11060000 - 0x00007fff1107c000 	C:\WINDOWS\SYSTEM32\dhcpcsvc.DLL
0x00007fff14f40000 - 0x00007fff15006000 	C:\WINDOWS\SYSTEM32\DNSAPI.dll
0x0000000065d20000 - 0x0000000065d44000 	C:\Program Files\Java\jdk1.8.0_45\jre\bin\sunec.dll
0x00007fff0c030000 - 0x00007fff0c03a000 	C:\Windows\System32\rasadhlp.dll
0x00007fff0c2e0000 - 0x00007fff0c359000 	C:\WINDOWS\System32\fwpuclnt.dll
0x00007fff09bd0000 - 0x00007fff09be6000 	C:\WINDOWS\system32\napinsp.dll
0x00007fff09680000 - 0x00007fff0969a000 	C:\WINDOWS\system32\pnrpnsp.dll
0x00007fff091d0000 - 0x00007fff091de000 	C:\WINDOWS\System32\winrnr.dll
0x00007fff11df0000 - 0x00007fff11e0b000 	C:\WINDOWS\system32\NLAapi.dll
0x00007fff08600000 - 0x00007fff08615000 	C:\WINDOWS\system32\wshbth.dll
0x0000000065b80000 - 0x0000000065d18000 	C:\Program Files\Java\jdk1.8.0_45\jre\bin\awt.dll
0x00007fff17480000 - 0x00007fff17544000 	C:\WINDOWS\System32\OLEAUT32.dll
0x00007fff137f0000 - 0x00007fff1387c000 	C:\WINDOWS\SYSTEM32\apphelp.dll
0x00007fff13e80000 - 0x00007fff13eae000 	C:\WINDOWS\system32\DWMAPI.DLL
0x00007fff159f0000 - 0x00007fff15bcb000 	C:\WINDOWS\System32\CRYPT32.dll
0x00007fff159d0000 - 0x00007fff159e2000 	C:\WINDOWS\System32\MSASN1.dll
0x00007fff138e0000 - 0x00007fff1397c000 	C:\WINDOWS\system32\uxtheme.dll
0x0000000065b50000 - 0x0000000065b7a000 	C:\Program Files\Java\jdk1.8.0_45\jre\bin\dcpr.dll
0x00007fff149e0000 - 0x00007fff14a11000 	C:\WINDOWS\SYSTEM32\ntmarta.dll
0x00007fff0f070000 - 0x00007fff0f25d000 	C:\WINDOWS\SYSTEM32\dbghelp.dll

VM Arguments:
jvm_args: -XX:MaxPermSize=4096m -Xmx4096M -Dfile.encoding=windows-1252 -Duser.country=FI -Duser.language=fi -Duser.variant 
java_command: org.gradle.launcher.daemon.bootstrap.GradleDaemon 5.1.1
java_class_path (initial): C:\Users\Kisko\.gradle\wrapper\dists\gradle-5.1.1-all\97z1ksx6lirer3kbvdnh7jtjg\gradle-5.1.1\lib\gradle-launcher-5.1.1.jar
Launcher Type: SUN_STANDARD

Environment Variables:
USERNAME=Kisko
OS=Windows_NT
PROCESSOR_IDENTIFIER=Intel64 Family 6 Model 60 Stepping 3, GenuineIntel



---------------  S Y S T E M  ---------------

OS: Windows 10.0 , 64 bit Build 17763 (10.0.17763.475)

CPU:total 8 (4 cores per cpu, 2 threads per core) family 6 model 60 stepping 3, cmov, cx8, fxsr, mmx, sse, sse2, sse3, ssse3, sse4.1, sse4.2, popcnt, avx, avx2, aes, clmul, erms, lzcnt, ht, tsc, tscinvbit, bmi1, bmi2

Memory: 4k page, physical 25039684k(9779864k free), swap 41816900k(5128k free)

vm_info: Java HotSpot(TM) 64-Bit Server VM (25.45-b02) for windows-amd64 JRE (1.8.0_45-b15), built on Apr 30 2015 12:40:44 by "java_re" with MS VC++ 10.0 (VS2010)

time: Sun Jul 07 00:26:23 2019
elapsed time: 1348 seconds (0d 0h 22m 28s)

