#
# There is insufficient memory for the Java Runtime Environment to continue.
# Native memory allocation (malloc) failed to allocate 2501696 bytes for Chunk::new
# Possible reasons:
#   The system is out of physical RAM or swap space
#   In 32 bit mode, the process size limit was hit
# Possible solutions:
#   Reduce memory load on the system
#   Increase physical memory or swap space
#   Check if swap backing store is full
#   Use 64 bit Java on a 64 bit OS
#   Decrease Java heap size (-Xmx/-Xms)
#   Decrease number of Java threads
#   Decrease Java thread stack sizes (-Xss)
#   Set larger code cache with -XX:ReservedCodeCacheSize=
# This output file may be truncated or incomplete.
#
#  Out of Memory Error (allocation.cpp:390), pid=9784, tid=19520
#
# JRE version: Java(TM) SE Runtime Environment (8.0_45-b15) (build 1.8.0_45-b15)
# Java VM: Java HotSpot(TM) 64-Bit Server VM (25.45-b02 mixed mode windows-amd64 compressed oops)
# Failed to write core dump. Minidumps are not enabled by default on client versions of Windows
#

---------------  T H R E A D  ---------------

Current thread (0x000000001e7ef800):  JavaThread "C2 CompilerThread2" daemon [_thread_in_native, id=19520, stack(0x000000001efb0000,0x000000001f0b0000)]

Stack: [0x000000001efb0000,0x000000001f0b0000]
Native frames: (J=compiled Java code, j=interpreted, Vv=VM code, C=native code)
V  [jvm.dll+0x32b57a]
V  [jvm.dll+0x279873]
V  [jvm.dll+0x27a509]
V  [jvm.dll+0x271825]
V  [jvm.dll+0xcb9e2]
V  [jvm.dll+0xcbeac]
V  [jvm.dll+0x476ef2]
V  [jvm.dll+0x4b955f]
V  [jvm.dll+0x46bf81]
V  [jvm.dll+0x46ccbe]
V  [jvm.dll+0x4500f2]
V  [jvm.dll+0xa4352]
V  [jvm.dll+0xa4c8f]
V  [jvm.dll+0x241984]
V  [jvm.dll+0x29853a]
C  [msvcr100.dll+0x21d9f]
C  [msvcr100.dll+0x21e3b]
C  [KERNEL32.DLL+0x17974]
C  [ntdll.dll+0x6a271]


Current CompileTask:
C2:  32173 16791       4       com.android.tools.r8.ir.regalloc.LinearScanRegisterAllocator::performLinearScan (922 bytes)


---------------  P R O C E S S  ---------------

Java Threads: ( => current thread )
  0x000000002990f800 JavaThread "ForkJoinPool-1-worker-3" daemon [_thread_blocked, id=10644, stack(0x0000000032110000,0x0000000032210000)]
  0x0000000029916000 JavaThread "ForkJoinPool-1-worker-1" daemon [_thread_in_Java, id=10748, stack(0x0000000030d80000,0x0000000030e80000)]
  0x0000000029914000 JavaThread "ForkJoinPool-1-worker-0" daemon [_thread_blocked, id=14316, stack(0x000000002f440000,0x000000002f540000)]
  0x0000000029912800 JavaThread "ForkJoinPool-1-worker-2" daemon [_thread_blocked, id=9844, stack(0x000000002f240000,0x000000002f340000)]
  0x000000002990c800 JavaThread "Cache worker for execution history cache (D:\Documents\Kiskogram\Telegram\.gradle\5.1.1\executionHistory)" [_thread_blocked, id=10360, stack(0x000000002c610000,0x000000002c710000)]
  0x000000002990b000 JavaThread "Execution worker for ':' Thread 7" [_thread_blocked, id=11716, stack(0x000000002c210000,0x000000002c310000)]
  0x000000002990e000 JavaThread "Execution worker for ':' Thread 6" [_thread_blocked, id=17872, stack(0x000000002c110000,0x000000002c210000)]
  0x000000002990b800 JavaThread "Execution worker for ':' Thread 5" [_thread_blocked, id=12952, stack(0x000000002c010000,0x000000002c110000)]
  0x0000000027604000 JavaThread "Execution worker for ':' Thread 4" [_thread_blocked, id=7344, stack(0x000000002bf10000,0x000000002c010000)]
  0x0000000027603800 JavaThread "Execution worker for ':' Thread 3" [_thread_blocked, id=22132, stack(0x000000002be10000,0x000000002bf10000)]
  0x0000000027602800 JavaThread "Execution worker for ':' Thread 2" [_thread_blocked, id=14308, stack(0x000000002bd10000,0x000000002be10000)]
  0x0000000027602000 JavaThread "Execution worker for ':'" [_thread_blocked, id=14608, stack(0x000000002b730000,0x000000002b830000)]
  0x0000000027608800 JavaThread "Cache worker for file content cache (D:\Documents\Kiskogram\Telegram\.gradle\5.1.1\fileContent)" [_thread_blocked, id=12640, stack(0x000000002b1b0000,0x000000002b2b0000)]
  0x0000000027601000 JavaThread "Cache worker for file content cache (C:\Users\Kisko\.gradle\caches\5.1.1\fileContent)" [_thread_blocked, id=19644, stack(0x000000002ac40000,0x000000002ad40000)]
  0x0000000027605800 JavaThread "Memory manager" [_thread_blocked, id=7196, stack(0x000000002a690000,0x000000002a790000)]
  0x0000000027605000 JavaThread "Cache worker for Build Output Cleanup Cache (D:\Documents\Kiskogram\Telegram\.gradle\buildOutputCleanup)" [_thread_blocked, id=6048, stack(0x000000002a590000,0x000000002a690000)]
  0x00000000275fa000 JavaThread "pool-1-thread-1" [_thread_blocked, id=21472, stack(0x000000002a490000,0x000000002a590000)]
  0x00000000275ff800 JavaThread "Build operations Thread 8" [_thread_blocked, id=22188, stack(0x00000000278f0000,0x00000000279f0000)]
  0x00000000275fd000 JavaThread "Build operations Thread 7" [_thread_blocked, id=19288, stack(0x0000000026610000,0x0000000026710000)]
  0x00000000275fe800 JavaThread "Build operations Thread 6" [_thread_blocked, id=18988, stack(0x0000000026510000,0x0000000026610000)]
  0x00000000275fc800 JavaThread "Build operations Thread 5" [_thread_blocked, id=18952, stack(0x0000000026410000,0x0000000026510000)]
  0x00000000275fb800 JavaThread "Build operations Thread 4" [_thread_blocked, id=10988, stack(0x0000000026310000,0x0000000026410000)]
  0x00000000275fe000 JavaThread "Build operations Thread 3" [_thread_blocked, id=4452, stack(0x0000000026210000,0x0000000026310000)]
  0x00000000275f9800 JavaThread "Build operations Thread 2" [_thread_blocked, id=22792, stack(0x0000000026110000,0x0000000026210000)]
  0x0000000027600000 JavaThread "Build operations" [_thread_blocked, id=19864, stack(0x0000000024e10000,0x0000000024f10000)]
  0x00000000275fb000 JavaThread "Cache worker for execution history cache (C:\Users\Kisko\.gradle\caches\5.1.1\executionHistory)" [_thread_blocked, id=20492, stack(0x0000000024d10000,0x0000000024e10000)]
  0x0000000020a18800 JavaThread "Cache worker for cache directory md-rule (C:\Users\Kisko\.gradle\caches\5.1.1\md-rule)" [_thread_blocked, id=14548, stack(0x0000000024c10000,0x0000000024d10000)]
  0x0000000020a1b800 JavaThread "Cache worker for cache directory md-supplier (C:\Users\Kisko\.gradle\caches\5.1.1\md-supplier)" [_thread_blocked, id=11620, stack(0x0000000024b10000,0x0000000024c10000)]
  0x0000000020a19800 JavaThread "Cache worker for file hash cache (D:\Documents\Kiskogram\Telegram\.gradle\5.1.1\fileHashes)" [_thread_blocked, id=14796, stack(0x00000000243a0000,0x00000000244a0000)]
  0x0000000020a1b000 JavaThread "Cache worker for journal cache (C:\Users\Kisko\.gradle\caches\journal-1)" [_thread_blocked, id=21460, stack(0x00000000230d0000,0x00000000231d0000)]
  0x0000000020a17000 JavaThread "File lock request listener" [_thread_in_native, id=12452, stack(0x0000000022fd0000,0x00000000230d0000)]
  0x0000000020a16800 JavaThread "Cache worker for file hash cache (C:\Users\Kisko\.gradle\caches\5.1.1\fileHashes)" [_thread_blocked, id=17112, stack(0x0000000022ed0000,0x0000000022fd0000)]
  0x00000000208c4000 JavaThread "Thread-9" [_thread_blocked, id=12976, stack(0x0000000021e00000,0x0000000021f00000)]
  0x00000000208be800 JavaThread "Stdin handler" [_thread_blocked, id=21724, stack(0x0000000021d00000,0x0000000021e00000)]
  0x00000000208bc000 JavaThread "Asynchronous log dispatcher for DefaultDaemonConnection: socket connection from /127.0.0.1:44025 to /127.0.0.1:44026" [_thread_blocked, id=22964, stack(0x0000000021900000,0x0000000021a00000)]
  0x00000000208cc000 JavaThread "Daemon worker" [_thread_blocked, id=8800, stack(0x0000000021800000,0x0000000021900000)]
  0x00000000208cb000 JavaThread "Cancel handler" [_thread_blocked, id=4864, stack(0x0000000021700000,0x0000000021800000)]
  0x00000000208af800 JavaThread "Handler for socket connection from /127.0.0.1:44025 to /127.0.0.1:44026" [_thread_in_native, id=22388, stack(0x0000000021600000,0x0000000021700000)]
  0x00000000208a9800 JavaThread "Daemon" [_thread_blocked, id=2668, stack(0x0000000021500000,0x0000000021600000)]
  0x000000002089e000 JavaThread "Daemon periodic checks" [_thread_blocked, id=17852, stack(0x0000000021400000,0x0000000021500000)]
  0x000000002088a800 JavaThread "Incoming local TCP Connector on port 44025" [_thread_in_native, id=2184, stack(0x00000000211c0000,0x00000000212c0000)]
  0x00000000207e0800 JavaThread "Daemon health stats" [_thread_blocked, id=5520, stack(0x0000000020b80000,0x0000000020c80000)]
  0x000000001e889000 JavaThread "Service Thread" daemon [_thread_blocked, id=13760, stack(0x000000001f1b0000,0x000000001f2b0000)]
  0x000000001e7f2800 JavaThread "C1 CompilerThread3" daemon [_thread_blocked, id=14044, stack(0x000000001f0b0000,0x000000001f1b0000)]
=>0x000000001e7ef800 JavaThread "C2 CompilerThread2" daemon [_thread_in_native, id=19520, stack(0x000000001efb0000,0x000000001f0b0000)]
  0x000000001e7e2800 JavaThread "C2 CompilerThread1" daemon [_thread_in_native, id=14200, stack(0x000000001eeb0000,0x000000001efb0000)]
  0x000000001e7de800 JavaThread "C2 CompilerThread0" daemon [_thread_in_native, id=21936, stack(0x000000001edb0000,0x000000001eeb0000)]
  0x000000001e7d8800 JavaThread "Attach Listener" daemon [_thread_blocked, id=10208, stack(0x000000001ecb0000,0x000000001edb0000)]
  0x000000001e7d8000 JavaThread "Signal Dispatcher" daemon [_thread_blocked, id=13816, stack(0x000000001ebb0000,0x000000001ecb0000)]
  0x0000000002cab800 JavaThread "Finalizer" daemon [_thread_blocked, id=3640, stack(0x000000001e6b0000,0x000000001e7b0000)]
  0x0000000002ca5000 JavaThread "Reference Handler" daemon [_thread_blocked, id=16028, stack(0x000000001e5b0000,0x000000001e6b0000)]
  0x0000000002bb3800 JavaThread "main" [_thread_blocked, id=12228, stack(0x0000000002a50000,0x0000000002b50000)]

Other Threads:
  0x000000001c7c9800 VMThread [stack: 0x000000001e4b0000,0x000000001e5b0000] [id=16872]
  0x000000001e88b000 WatcherThread [stack: 0x000000001f2b0000,0x000000001f3b0000] [id=22172]

VM state:not at safepoint (normal execution)

VM Mutex/Monitor currently owned by a thread: None

Heap:
 PSYoungGen      total 825856K, used 517879K [0x000000076ab00000, 0x00000007af680000, 0x00000007c0000000)
  eden space 635904K, 79% used [0x000000076ab00000,0x0000000789933fa8,0x0000000791800000)
  from space 189952K, 6% used [0x0000000791800000,0x0000000792389f40,0x000000079d180000)
  to   space 186368K, 0% used [0x00000007a4080000,0x00000007a4080000,0x00000007af680000)
 ParOldGen       total 980480K, used 572737K [0x00000006c0000000, 0x00000006fbd80000, 0x000000076ab00000)
  object space 980480K, 58% used [0x00000006c0000000,0x00000006e2f505d8,0x00000006fbd80000)
 Metaspace       used 98029K, capacity 101172K, committed 101424K, reserved 1136640K
  class space    used 12578K, capacity 13247K, committed 13360K, reserved 1048576K

Card table byte_map: [0x0000000012070000,0x0000000012880000] byte_map_base: 0x000000000ea70000

Marking Bits: (ParMarkBitMap*) 0x0000000066604040
 Begin Bits: [0x00000000135e0000, 0x00000000175e0000)
 End Bits:   [0x00000000175e0000, 0x000000001b5e0000)

Polling page: 0x0000000000d60000

CodeCache: size=245760Kb used=47244Kb max_used=47288Kb free=198515Kb
 bounds [0x0000000002cb0000, 0x0000000005b30000, 0x0000000011cb0000]
 total_blobs=14304 nmethods=13420 adapters=793
 compilation: enabled

Compilation events (10 events):
Event: 31.769 Thread 0x000000001e7e2800 15285       4       com.android.tools.r8.ir.conversion.IRBuilder::writeRegister (51 bytes)
Event: 31.777 Thread 0x000000001e7e2800 nmethod 15285 0x0000000005ae9a10 code [0x0000000005ae9ba0, 0x0000000005aea148]
Event: 31.777 Thread 0x000000001e7e2800 16813       4       java.util.HashMap::values (27 bytes)
Event: 31.778 Thread 0x000000001e7e2800 nmethod 16813 0x0000000005ae7ad0 code [0x0000000005ae7c20, 0x0000000005ae7d18]
Event: 31.778 Thread 0x000000001e7e2800 16815       4       java.util.HashMap$Values::iterator (12 bytes)
Event: 31.783 Thread 0x000000001e7e2800 nmethod 16815 0x0000000005ac3750 code [0x0000000005ac38a0, 0x0000000005ac3b58]
Event: 31.783 Thread 0x000000001e7e2800 16814       4       com.android.tools.r8.ir.conversion.JarSourceCode::updateState (2555 bytes)
Event: 31.889 Thread 0x000000001e7e2800 nmethod 16814 0x0000000005aef210 code [0x0000000005af0380, 0x0000000005af3df0]
Event: 31.889 Thread 0x000000001e7e2800 16845       4       com.android.tools.r8.ir.conversion.JarSourceCode::build (3667 bytes)
Event: 32.160 Thread 0x000000001e7de800 nmethod 16828 0x0000000005b05190 code [0x0000000005b05a00, 0x0000000005b0e3e8]

GC Heap History (10 events):
Event: 21.093 GC heap before
{Heap before GC invocations=21 (full 4):
 PSYoungGen      total 608256K, used 115496K [0x000000076ab00000, 0x00000007a2780000, 0x00000007c0000000)
  eden space 432128K, 0% used [0x000000076ab00000,0x000000076ab00000,0x0000000785100000)
  from space 176128K, 65% used [0x0000000785100000,0x000000078c1ca148,0x000000078fd00000)
  to   space 183808K, 0% used [0x0000000797400000,0x0000000797400000,0x00000007a2780000)
 ParOldGen       total 416768K, used 409522K [0x00000006c0000000, 0x00000006d9700000, 0x000000076ab00000)
  object space 416768K, 98% used [0x00000006c0000000,0x00000006d8fec970,0x00000006d9700000)
 Metaspace       used 90702K, capacity 93284K, committed 93488K, reserved 1130496K
  class space    used 11703K, capacity 12257K, committed 12336K, reserved 1048576K
Event: 22.167 GC heap after
Heap after GC invocations=21 (full 4):
 PSYoungGen      total 608256K, used 1167K [0x000000076ab00000, 0x00000007a2780000, 0x00000007c0000000)
  eden space 432128K, 0% used [0x000000076ab00000,0x000000076ab00000,0x0000000785100000)
  from space 176128K, 0% used [0x0000000785100000,0x0000000785223f58,0x000000078fd00000)
  to   space 183808K, 0% used [0x0000000797400000,0x0000000797400000,0x00000007a2780000)
 ParOldGen       total 980480K, used 416622K [0x00000006c0000000, 0x00000006fbd80000, 0x000000076ab00000)
  object space 980480K, 42% used [0x00000006c0000000,0x00000006d96db820,0x00000006fbd80000)
 Metaspace       used 90613K, capacity 93036K, committed 93488K, reserved 1130496K
  class space    used 11675K, capacity 12207K, committed 12336K, reserved 1048576K
}
Event: 24.941 GC heap before
{Heap before GC invocations=22 (full 4):
 PSYoungGen      total 608256K, used 433295K [0x000000076ab00000, 0x00000007a2780000, 0x00000007c0000000)
  eden space 432128K, 100% used [0x000000076ab00000,0x0000000785100000,0x0000000785100000)
  from space 176128K, 0% used [0x0000000785100000,0x0000000785223f58,0x000000078fd00000)
  to   space 183808K, 0% used [0x0000000797400000,0x0000000797400000,0x00000007a2780000)
 ParOldGen       total 980480K, used 416622K [0x00000006c0000000, 0x00000006fbd80000, 0x000000076ab00000)
  object space 980480K, 42% used [0x00000006c0000000,0x00000006d96db820,0x00000006fbd80000)
 Metaspace       used 93648K, capacity 96246K, committed 96432K, reserved 1132544K
  class space    used 12128K, capacity 12678K, committed 12720K, reserved 1048576K
Event: 25.024 GC heap after
Heap after GC invocations=22 (full 4):
 PSYoungGen      total 713728K, used 130416K [0x000000076ab00000, 0x00000007a2c80000, 0x00000007c0000000)
  eden space 529920K, 0% used [0x000000076ab00000,0x000000076ab00000,0x000000078b080000)
  from space 183808K, 70% used [0x0000000797400000,0x000000079f35c2e8,0x00000007a2780000)
  to   space 194560K, 0% used [0x000000078b080000,0x000000078b080000,0x0000000796e80000)
 ParOldGen       total 980480K, used 417614K [0x00000006c0000000, 0x00000006fbd80000, 0x000000076ab00000)
  object space 980480K, 42% used [0x00000006c0000000,0x00000006d97d3830,0x00000006fbd80000)
 Metaspace       used 93648K, capacity 96246K, committed 96432K, reserved 1132544K
  class space    used 12128K, capacity 12678K, committed 12720K, reserved 1048576K
}
Event: 26.893 GC heap before
{Heap before GC invocations=23 (full 4):
 PSYoungGen      total 713728K, used 660336K [0x000000076ab00000, 0x00000007a2c80000, 0x00000007c0000000)
  eden space 529920K, 100% used [0x000000076ab00000,0x000000078b080000,0x000000078b080000)
  from space 183808K, 70% used [0x0000000797400000,0x000000079f35c2e8,0x00000007a2780000)
  to   space 194560K, 0% used [0x000000078b080000,0x000000078b080000,0x0000000796e80000)
 ParOldGen       total 980480K, used 417614K [0x00000006c0000000, 0x00000006fbd80000, 0x000000076ab00000)
  object space 980480K, 42% used [0x00000006c0000000,0x00000006d97d3830,0x00000006fbd80000)
 Metaspace       used 94582K, capacity 97264K, committed 97328K, reserved 1134592K
  class space    used 12226K, capacity 12805K, committed 12848K, reserved 1048576K
Event: 26.970 GC heap after
Heap after GC invocations=23 (full 4):
 PSYoungGen      total 724480K, used 25048K [0x000000076ab00000, 0x00000007a9780000, 0x00000007c0000000)
  eden space 529920K, 0% used [0x000000076ab00000,0x000000076ab00000,0x000000078b080000)
  from space 194560K, 12% used [0x000000078b080000,0x000000078c8f6298,0x0000000796e80000)
  to   space 191488K, 0% used [0x000000079dc80000,0x000000079dc80000,0x00000007a9780000)
 ParOldGen       total 980480K, used 546390K [0x00000006c0000000, 0x00000006fbd80000, 0x000000076ab00000)
  object space 980480K, 55% used [0x00000006c0000000,0x00000006e1595ae8,0x00000006fbd80000)
 Metaspace       used 94582K, capacity 97264K, committed 97328K, reserved 1134592K
  class space    used 12226K, capacity 12805K, committed 12848K, reserved 1048576K
}
Event: 28.502 GC heap before
{Heap before GC invocations=24 (full 4):
 PSYoungGen      total 724480K, used 554968K [0x000000076ab00000, 0x00000007a9780000, 0x00000007c0000000)
  eden space 529920K, 100% used [0x000000076ab00000,0x000000078b080000,0x000000078b080000)
  from space 194560K, 12% used [0x000000078b080000,0x000000078c8f6298,0x0000000796e80000)
  to   space 191488K, 0% used [0x000000079dc80000,0x000000079dc80000,0x00000007a9780000)
 ParOldGen       total 980480K, used 546390K [0x00000006c0000000, 0x00000006fbd80000, 0x000000076ab00000)
  object space 980480K, 55% used [0x00000006c0000000,0x00000006e1595ae8,0x00000006fbd80000)
 Metaspace       used 97711K, capacity 100792K, committed 101040K, reserved 1136640K
  class space    used 12556K, capacity 13195K, committed 13232K, reserved 1048576K
Event: 28.529 GC heap after
Heap after GC invocations=24 (full 4):
 PSYoungGen      total 814592K, used 11279K [0x000000076ab00000, 0x00000007a8b00000, 0x00000007c0000000)
  eden space 635904K, 0% used [0x000000076ab00000,0x000000076ab00000,0x0000000791800000)
  from space 178688K, 6% used [0x000000079dc80000,0x000000079e783cf8,0x00000007a8b00000)
  to   space 189952K, 0% used [0x0000000791800000,0x0000000791800000,0x000000079d180000)
 ParOldGen       total 980480K, used 562994K [0x00000006c0000000, 0x00000006fbd80000, 0x000000076ab00000)
  object space 980480K, 57% used [0x00000006c0000000,0x00000006e25ccb88,0x00000006fbd80000)
 Metaspace       used 97711K, capacity 100792K, committed 101040K, reserved 1136640K
  class space    used 12556K, capacity 13195K, committed 13232K, reserved 1048576K
}
Event: 29.814 GC heap before
{Heap before GC invocations=25 (full 4):
 PSYoungGen      total 814592K, used 647183K [0x000000076ab00000, 0x00000007a8b00000, 0x00000007c0000000)
  eden space 635904K, 100% used [0x000000076ab00000,0x0000000791800000,0x0000000791800000)
  from space 178688K, 6% used [0x000000079dc80000,0x000000079e783cf8,0x00000007a8b00000)
  to   space 189952K, 0% used [0x0000000791800000,0x0000000791800000,0x000000079d180000)
 ParOldGen       total 980480K, used 562994K [0x00000006c0000000, 0x00000006fbd80000, 0x000000076ab00000)
  object space 980480K, 57% used [0x00000006c0000000,0x00000006e25ccb88,0x00000006fbd80000)
 Metaspace       used 98008K, capacity 101172K, committed 101424K, reserved 1136640K
  class space    used 12578K, capacity 13247K, committed 13360K, reserved 1048576K
Event: 29.839 GC heap after
Heap after GC invocations=25 (full 4):
 PSYoungGen      total 825856K, used 11815K [0x000000076ab00000, 0x00000007af680000, 0x00000007c0000000)
  eden space 635904K, 0% used [0x000000076ab00000,0x000000076ab00000,0x0000000791800000)
  from space 189952K, 6% used [0x0000000791800000,0x0000000792389f40,0x000000079d180000)
  to   space 186368K, 0% used [0x00000007a4080000,0x00000007a4080000,0x00000007af680000)
 ParOldGen       total 980480K, used 572737K [0x00000006c0000000, 0x00000006fbd80000, 0x000000076ab00000)
  object space 980480K, 58% used [0x00000006c0000000,0x00000006e2f505d8,0x00000006fbd80000)
 Metaspace       used 98008K, capacity 101172K, committed 101424K, reserved 1136640K
  class space    used 12578K, capacity 13247K, committed 13360K, reserved 1048576K
}

Deoptimization events (10 events):
Event: 28.592 Thread 0x0000000029912800 Uncommon trap: reason=unstable_if action=reinterpret pc=0x0000000003029e14 method=com.android.tools.r8.graph.DexString.decode()Ljava/lang/String; @ 53
Event: 28.846 Thread 0x000000002990f800 Uncommon trap: reason=unstable_if action=reinterpret pc=0x00000000051366b8 method=com.android.tools.r8.ir.conversion.JarSourceCode.getCanonicalDebugPositionAtOffset(I)Lcom/android/tools/r8/ir/code/Position; @ 73
Event: 28.935 Thread 0x0000000029916000 Uncommon trap: reason=unstable_if action=reinterpret pc=0x0000000004b475a0 method=com.android.tools.r8.graph.DexType.implementedInterfaces(Lcom/android/tools/r8/graph/AppInfo;Ljava/util/Set;)V @ 7
Event: 29.175 Thread 0x0000000029914000 Uncommon trap: reason=predicate action=maybe_recompile pc=0x0000000005919498 method=com.android.tools.r8.ir.analysis.type.TypeAnalysis.updateTypeOfValue(Lcom/android/tools/r8/ir/code/Value;Lcom/android/tools/r8/ir/analysis/type/TypeLatticeElement;)V @ 176
Event: 29.277 Thread 0x000000002990f800 Uncommon trap: reason=unstable_if action=reinterpret pc=0x0000000004e320f4 method=com.android.tools.r8.graph.AppInfo.definitionFor(Lcom/android/tools/r8/graph/DexType;)Lcom/android/tools/r8/graph/DexClass; @ 13
Event: 29.881 Thread 0x0000000029912800 Uncommon trap: reason=unstable_if action=reinterpret pc=0x00000000059e9fe8 method=com.android.tools.r8.ir.optimize.PeepholeOptimizer.removeRedundantInstructions(Lcom/android/tools/r8/ir/code/IRCode;Lcom/android/tools/r8/ir/regalloc/LinearScanRegisterAlloca¥·ä]H>@
Event: 30.283 Thread 0x000000002990f800 Uncommon trap: reason=bimorphic action=maybe_recompile pc=0x00000000059d3350 method=com.android.tools.r8.ir.conversion.IRBuilder.addInstruction(Lcom/android/tools/r8/ir/code/Instruction;)V @ 6
Event: 30.283 Thread 0x000000002990f800 Uncommon trap: reason=bimorphic action=maybe_recompile pc=0x00000000059d3350 method=com.android.tools.r8.ir.conversion.IRBuilder.addInstruction(Lcom/android/tools/r8/ir/code/Instruction;)V @ 6
Event: 30.871 Thread 0x0000000029912800 Uncommon trap: reason=unstable_if action=reinterpret pc=0x00000000058f5184 method=com.android.tools.r8.graph.DexItemFactory.createReferenceTypeLatticeElement(Lcom/android/tools/r8/graph/DexType;ZLcom/android/tools/r8/graph/AppInfo;)Lcom/android/tools/r8/irÚM:Ûí?@
Event: 31.011 Thread 0x000000002089e000 Uncommon trap: reason=speculate_class_check action=maybe_recompile pc=0x0000000003928b1c method=java.util.AbstractList.listIterator()Ljava/util/ListIterator; @ 2

Internal exceptions (10 events):
Event: 13.485 Thread 0x000000002990e000 Exception <a 'sun/nio/fs/WindowsException'> (0x0000000772d5b5d0) thrown at [C:\re\workspace\8-2-build-windows-amd64-cygwin\jdk8u45\3627\hotspot\src\share\vm\prims\jni.cpp, line 709]
Event: 13.731 Thread 0x000000002990e000 Implicit null exception at 0x00000000047f394a to 0x00000000047f41b5
Event: 14.446 Thread 0x000000002990e000 Exception <a 'java/lang/IncompatibleClassChangeError': Found class java.lang.Object, but interface was expected> (0x000000076cd3d550) thrown at [C:\re\workspace\8-2-build-windows-amd64-cygwin\jdk8u45\3627\hotspot\src\share\vm\interpreter\linkResolver.cpp, 3k) íû/@
Event: 15.992 Thread 0x000000002990e000 Implicit null exception at 0x0000000004b762e8 to 0x0000000004b81799
Event: 23.347 Thread 0x000000002990e000 Implicit null exception at 0x0000000004dd147b to 0x0000000004dd199d
Event: 24.261 Thread 0x000000002990e000 Exception <a 'java/lang/NoSuchMethodError': java.lang.Object.slowCompare(Lcom/android/tools/r8/graph/PresortedComparable;Lcom/android/tools/r8/graph/PresortedComparable;)I> (0x00000007816f29d0) thrown at [C:\re\workspace\8-2-build-windows-amd64-cygwin\jdk8ëÂ´5á8@
Event: 24.880 Thread 0x000000002990e000 Implicit null exception at 0x0000000004c34787 to 0x0000000004c353a5
Event: 24.939 Thread 0x000000002990e000 Implicit null exception at 0x0000000004dd65d2 to 0x0000000004dd66e1
Event: 27.310 Thread 0x0000000029912800 Implicit null exception at 0x00000000052c5df7 to 0x00000000052c606d
Event: 27.382 Thread 0x0000000029912800 Implicit null exception at 0x0000000004e26007 to 0x0000000004e28b9d

Events (10 events):
Event: 30.283 Thread 0x000000002990f800 DEOPT UNPACKING pc=0x0000000002cf582a sp=0x000000003220df48 mode 2
Event: 30.283 Thread 0x000000002990f800 Uncommon trap: trap_request=0xffffffc6 fr.pc=0x00000000059d3350
Event: 30.283 Thread 0x000000002990f800 DEOPT PACKING pc=0x00000000059d3350 sp=0x000000003220db00
Event: 30.283 Thread 0x000000002990f800 DEOPT UNPACKING pc=0x0000000002cf582a sp=0x000000003220daf8 mode 2
Event: 30.871 Thread 0x0000000029912800 Uncommon trap: trap_request=0xffffff65 fr.pc=0x00000000058f5184
Event: 30.871 Thread 0x0000000029912800 DEOPT PACKING pc=0x00000000058f5184 sp=0x000000002f33e440
Event: 30.871 Thread 0x0000000029912800 DEOPT UNPACKING pc=0x0000000002cf582a sp=0x000000002f33e3c8 mode 2
Event: 31.011 Thread 0x000000002089e000 Uncommon trap: trap_request=0xffffff76 fr.pc=0x0000000003928b1c
Event: 31.011 Thread 0x000000002089e000 DEOPT PACKING pc=0x0000000003928b1c sp=0x00000000214fed20
Event: 31.011 Thread 0x000000002089e000 DEOPT UNPACKING pc=0x0000000002cf582a sp=0x00000000214fec68 mode 2


Dynamic libraries:
0x00007ff7d2650000 - 0x00007ff7d2687000 	C:\Program Files\Java\jdk1.8.0_45\bin\java.exe
0x00007fff19920000 - 0x00007fff19b0d000 	C:\WINDOWS\SYSTEM32\ntdll.dll
0x00007fff17f00000 - 0x00007fff17fb3000 	C:\WINDOWS\System32\KERNEL32.DLL
0x00007fff166b0000 - 0x00007fff16943000 	C:\WINDOWS\System32\KERNELBASE.dll
0x00007fff176d0000 - 0x00007fff17773000 	C:\WINDOWS\System32\ADVAPI32.dll
0x00007fff17780000 - 0x00007fff1781e000 	C:\WINDOWS\System32\msvcrt.dll
0x00007fff17e50000 - 0x00007fff17eee000 	C:\WINDOWS\System32\sechost.dll
0x00007fff16b50000 - 0x00007fff16c72000 	C:\WINDOWS\System32\RPCRT4.dll
0x00007fff172e0000 - 0x00007fff17477000 	C:\WINDOWS\System32\USER32.dll
0x00007fff15bd0000 - 0x00007fff15bf0000 	C:\WINDOWS\System32\win32u.dll
0x00007fff172a0000 - 0x00007fff172c9000 	C:\WINDOWS\System32\GDI32.dll
0x00007fff15ca0000 - 0x00007fff15e3a000 	C:\WINDOWS\System32\gdi32full.dll
0x00007fff16590000 - 0x00007fff16630000 	C:\WINDOWS\System32\msvcp_win.dll
0x00007fff169d0000 - 0x00007fff16aca000 	C:\WINDOWS\System32\ucrtbase.dll
0x00007fff05e70000 - 0x00007fff060e9000 	C:\WINDOWS\WinSxS\amd64_microsoft.windows.common-controls_6595b64144ccf1df_6.0.17763.557_none_05b63f68071e5b9f\COMCTL32.dll
0x00007fff16c80000 - 0x00007fff16fac000 	C:\WINDOWS\System32\combase.dll
0x00007fff16630000 - 0x00007fff166ae000 	C:\WINDOWS\System32\bcryptPrimitives.dll
0x00007fff17680000 - 0x00007fff176ae000 	C:\WINDOWS\System32\IMM32.DLL
0x0000000066690000 - 0x0000000066762000 	C:\Program Files\Java\jdk1.8.0_45\jre\bin\msvcr100.dll
0x0000000065e00000 - 0x0000000066683000 	C:\Program Files\Java\jdk1.8.0_45\jre\bin\server\jvm.dll
0x00007fff17ef0000 - 0x00007fff17ef8000 	C:\WINDOWS\System32\PSAPI.DLL
0x00007fff11eb0000 - 0x00007fff11ed4000 	C:\WINDOWS\SYSTEM32\WINMM.dll
0x00007fff09bf0000 - 0x00007fff09bf9000 	C:\WINDOWS\SYSTEM32\WSOCK32.dll
0x00007fff10c20000 - 0x00007fff10c2a000 	C:\WINDOWS\SYSTEM32\VERSION.dll
0x00007fff17820000 - 0x00007fff1788d000 	C:\WINDOWS\System32\WS2_32.dll
0x00007fff11e80000 - 0x00007fff11ead000 	C:\WINDOWS\SYSTEM32\WINMMBASE.dll
0x00007fff16950000 - 0x00007fff1699a000 	C:\WINDOWS\System32\cfgmgr32.dll
0x0000000065df0000 - 0x0000000065dff000 	C:\Program Files\Java\jdk1.8.0_45\jre\bin\verify.dll
0x0000000065dc0000 - 0x0000000065de9000 	C:\Program Files\Java\jdk1.8.0_45\jre\bin\java.dll
0x0000000065da0000 - 0x0000000065db6000 	C:\Program Files\Java\jdk1.8.0_45\jre\bin\zip.dll
0x00007fff18120000 - 0x00007fff19610000 	C:\WINDOWS\System32\SHELL32.dll
0x00007fff175d0000 - 0x00007fff17678000 	C:\WINDOWS\System32\shcore.dll
0x00007fff15e40000 - 0x00007fff1658a000 	C:\WINDOWS\System32\windows.storage.dll
0x00007fff15980000 - 0x00007fff159a4000 	C:\WINDOWS\System32\profapi.dll
0x00007fff15920000 - 0x00007fff1597d000 	C:\WINDOWS\System32\powrprof.dll
0x00007fff19610000 - 0x00007fff19662000 	C:\WINDOWS\System32\shlwapi.dll
0x00007fff159b0000 - 0x00007fff159c1000 	C:\WINDOWS\System32\kernel.appcore.dll
0x00007fff16b30000 - 0x00007fff16b47000 	C:\WINDOWS\System32\cryptsp.dll
0x0000000065d80000 - 0x0000000065d9a000 	C:\Program Files\Java\jdk1.8.0_45\jre\bin\net.dll
0x00007fff151a0000 - 0x00007fff15207000 	C:\WINDOWS\system32\mswsock.dll
0x0000000065d60000 - 0x0000000065d71000 	C:\Program Files\Java\jdk1.8.0_45\jre\bin\nio.dll
0x00007ffefdc60000 - 0x00007ffefdc7e000 	C:\Users\Kisko\.gradle\native\25\windows-amd64\native-platform.dll
0x0000000065d50000 - 0x0000000065d5d000 	C:\Program Files\Java\jdk1.8.0_45\jre\bin\management.dll
0x00007fff14d60000 - 0x00007fff14d93000 	C:\WINDOWS\system32\rsaenh.dll
0x00007fff169a0000 - 0x00007fff169c6000 	C:\WINDOWS\System32\bcrypt.dll
0x00007fff15850000 - 0x00007fff15878000 	C:\WINDOWS\SYSTEM32\USERENV.dll
0x00007fff15370000 - 0x00007fff1537c000 	C:\WINDOWS\SYSTEM32\CRYPTBASE.dll
0x00007fff14f00000 - 0x00007fff14f3d000 	C:\WINDOWS\SYSTEM32\IPHLPAPI.DLL
0x00007fff17e40000 - 0x00007fff17e48000 	C:\WINDOWS\System32\NSI.dll
0x00007fff108b0000 - 0x00007fff108c6000 	C:\WINDOWS\SYSTEM32\dhcpcsvc6.DLL
0x00007fff11060000 - 0x00007fff1107c000 	C:\WINDOWS\SYSTEM32\dhcpcsvc.DLL
0x00007fff14f40000 - 0x00007fff15006000 	C:\WINDOWS\SYSTEM32\DNSAPI.dll
0x00007fff0f070000 - 0x00007fff0f25d000 	C:\WINDOWS\SYSTEM32\dbghelp.dll

VM Arguments:
jvm_args: -XX:MaxPermSize=4096m -Xmx4096M -Dfile.encoding=windows-1252 -Duser.country=FI -Duser.language=fi -Duser.variant 
java_command: org.gradle.launcher.daemon.bootstrap.GradleDaemon 5.1.1
java_class_path (initial): C:\Users\Kisko\.gradle\wrapper\dists\gradle-5.1.1-all\97z1ksx6lirer3kbvdnh7jtjg\gradle-5.1.1\lib\gradle-launcher-5.1.1.jar
Launcher Type: SUN_STANDARD

Environment Variables:
USERNAME=Kisko
OS=Windows_NT
PROCESSOR_IDENTIFIER=Intel64 Family 6 Model 60 Stepping 3, GenuineIntel



---------------  S Y S T E M  ---------------

OS: Windows 10.0 , 64 bit Build 17763 (10.0.17763.475)

CPU:total 8 (4 cores per cpu, 2 threads per core) family 6 model 60 stepping 3, cmov, cx8, fxsr, mmx, sse, sse2, sse3, ssse3, sse4.1, sse4.2, popcnt, avx, avx2, aes, clmul, erms, lzcnt, ht, tsc, tscinvbit, bmi1, bmi2

Memory: 4k page, physical 25039684k(10341220k free), swap 41816900k(5916k free)

vm_info: Java HotSpot(TM) 64-Bit Server VM (25.45-b02) for windows-amd64 JRE (1.8.0_45-b15), built on Apr 30 2015 12:40:44 by "java_re" with MS VC++ 10.0 (VS2010)

time: Sun Jul 07 16:23:02 2019
elapsed time: 32 seconds (0d 0h 0m 32s)

